TN:
SF:.eslintrc.security.js
FNF:0
FNH:0
DA:1,0
LF:1
LH:0
BRF:0
BRH:0
end_of_record
TN:
SF:App.js
FN:38,(anonymous_0)
FN:211,(anonymous_1)
FN:214,(anonymous_2)
FNF:3
FNH:0
FNDA:0,(anonymous_0)
FNDA:0,(anonymous_1)
FNDA:0,(anonymous_2)
DA:36,0
DA:38,0
DA:39,0
DA:41,0
DA:209,0
DA:211,0
DA:212,0
DA:214,0
DA:215,0
DA:217,0
DA:219,0
DA:221,0
DA:222,0
DA:226,0
LF:14
LH:0
BRDA:230,0,0,0
BRDA:230,0,1,0
BRF:2
BRH:0
end_of_record
TN:
SF:eslint.config.js
FNF:0
FNH:0
DA:2,0
DA:3,0
DA:4,0
DA:6,0
LF:4
LH:0
BRF:0
BRH:0
end_of_record
TN:
SF:jest.config.js
FNF:0
FNH:0
DA:1,0
LF:1
LH:0
BRF:0
BRH:0
end_of_record
TN:
SF:security-test-runner.js
FN:39,runCommand
FN:52,waitForUserInput
FN:53,(anonymous_2)
FN:55,(anonymous_3)
FN:62,runSecurityTests
FNF:5
FNH:0
FNDA:0,runCommand
FNDA:0,waitForUserInput
FNDA:0,(anonymous_2)
FNDA:0,(anonymous_3)
FNDA:0,runSecurityTests
DA:1,0
DA:2,0
DA:3,0
DA:6,0
DA:40,0
DA:41,0
DA:42,0
DA:43,0
DA:44,0
DA:46,0
DA:47,0
DA:53,0
DA:54,0
DA:55,0
DA:56,0
DA:63,0
DA:64,0
DA:65,0
DA:67,0
DA:68,0
DA:70,0
DA:73,0
DA:74,0
DA:76,0
DA:77,0
DA:78,0
DA:82,0
DA:83,0
DA:85,0
DA:88,0
DA:89,0
DA:91,0
DA:94,0
DA:95,0
DA:97,0
DA:98,0
DA:99,0
DA:100,0
DA:101,0
DA:104,0
DA:107,0
DA:108,0
DA:110,0
DA:113,0
DA:114,0
DA:116,0
DA:119,0
DA:120,0
DA:121,0
DA:123,0
DA:124,0
DA:126,0
DA:127,0
DA:128,0
DA:129,0
DA:130,0
DA:131,0
DA:133,0
DA:135,0
DA:139,0
LF:60
LH:0
BRDA:76,0,0,0
BRDA:76,0,1,0
BRF:2
BRH:0
end_of_record
TN:
SF:__tests__\security\auth0.security.test.js
FN:5,(anonymous_0)
FN:11,(anonymous_1)
FN:12,(anonymous_2)
FN:24,(anonymous_3)
FN:42,(anonymous_4)
FN:52,(anonymous_5)
FNF:6
FNH:0
FNDA:0,(anonymous_0)
FNDA:0,(anonymous_1)
FNDA:0,(anonymous_2)
FNDA:0,(anonymous_3)
FNDA:0,(anonymous_4)
FNDA:0,(anonymous_5)
DA:5,0
DA:11,0
DA:12,0
DA:13,0
DA:14,0
DA:15,0
DA:18,0
DA:21,0
DA:24,0
DA:26,0
DA:28,0
DA:33,0
DA:42,0
DA:44,0
DA:46,0
DA:48,0
DA:49,0
DA:52,0
DA:54,0
DA:56,0
LF:20
LH:0
BRF:0
BRH:0
end_of_record
TN:
SF:__tests__\security\data.security.test.js
FN:8,(anonymous_0)
FN:13,(anonymous_1)
FN:19,(anonymous_2)
FN:20,(anonymous_3)
FN:24,(anonymous_4)
FN:31,(anonymous_5)
FN:52,(anonymous_6)
FN:80,(anonymous_7)
FN:91,(anonymous_8)
FNF:9
FNH:0
FNDA:0,(anonymous_0)
FNDA:0,(anonymous_1)
FNDA:0,(anonymous_2)
FNDA:0,(anonymous_3)
FNDA:0,(anonymous_4)
FNDA:0,(anonymous_5)
FNDA:0,(anonymous_6)
FNDA:0,(anonymous_7)
FNDA:0,(anonymous_8)
DA:7,0
DA:8,0
DA:13,0
DA:19,0
DA:20,0
DA:21,0
DA:24,0
DA:26,0
DA:27,0
DA:31,0
DA:33,0
DA:39,0
DA:42,0
DA:45,0
DA:48,0
DA:49,0
DA:52,0
DA:54,0
DA:57,0
DA:60,0
DA:61,0
DA:69,0
DA:80,0
DA:82,0
DA:85,0
DA:91,0
DA:92,0
DA:100,0
DA:101,0
DA:104,0
LF:30
LH:0
BRDA:26,0,0,0
BRDA:26,0,1,0
BRF:2
BRH:0
end_of_record
TN:
SF:__tests__\security\integration.security.test.js
FN:12,(anonymous_0)
FN:13,(anonymous_1)
FN:14,(anonymous_2)
FN:17,(anonymous_3)
FN:22,(anonymous_4)
FN:23,(anonymous_5)
FN:24,(anonymous_6)
FN:25,(anonymous_7)
FN:32,(anonymous_8)
FN:33,(anonymous_9)
FN:39,(anonymous_10)
FN:57,(anonymous_11)
FN:63,(anonymous_12)
FN:67,(anonymous_13)
FN:90,(anonymous_14)
FN:103,(anonymous_15)
FN:109,(anonymous_16)
FN:112,(anonymous_17)
FN:150,(anonymous_18)
FN:167,(anonymous_19)
FN:171,(anonymous_20)
FNF:21
FNH:0
FNDA:0,(anonymous_0)
FNDA:0,(anonymous_1)
FNDA:0,(anonymous_2)
FNDA:0,(anonymous_3)
FNDA:0,(anonymous_4)
FNDA:0,(anonymous_5)
FNDA:0,(anonymous_6)
FNDA:0,(anonymous_7)
FNDA:0,(anonymous_8)
FNDA:0,(anonymous_9)
FNDA:0,(anonymous_10)
FNDA:0,(anonymous_11)
FNDA:0,(anonymous_12)
FNDA:0,(anonymous_13)
FNDA:0,(anonymous_14)
FNDA:0,(anonymous_15)
FNDA:0,(anonymous_16)
FNDA:0,(anonymous_17)
FNDA:0,(anonymous_18)
FNDA:0,(anonymous_19)
FNDA:0,(anonymous_20)
DA:1,0
DA:2,0
DA:3,0
DA:4,0
DA:5,0
DA:7,0
DA:9,0
DA:12,0
DA:13,0
DA:14,0
DA:17,0
DA:22,0
DA:23,0
DA:24,0
DA:25,0
DA:29,0
DA:30,0
DA:32,0
DA:33,0
DA:35,0
DA:36,0
DA:39,0
DA:41,0
DA:48,0
DA:54,0
DA:57,0
DA:59,0
DA:60,0
DA:63,0
DA:67,0
DA:71,0
DA:72,0
DA:75,0
DA:78,0
DA:83,0
DA:86,0
DA:87,0
DA:90,0
DA:92,0
DA:93,0
DA:96,0
DA:102,0
DA:103,0
DA:105,0
DA:106,0
DA:109,0
DA:112,0
DA:116,0
DA:122,0
DA:123,0
DA:125,0
DA:129,0
DA:130,0
DA:133,0
DA:134,0
DA:137,0
DA:140,0
DA:143,0
DA:146,0
DA:147,0
DA:150,0
DA:152,0
DA:158,0
DA:161,0
DA:167,0
DA:170,0
DA:171,0
DA:174,0
DA:175,0
DA:177,0
DA:180,0
DA:190,0
DA:195,0
LF:73
LH:0
BRF:0
BRH:0
end_of_record
TN:
SF:components\features\admin\metrics\AdminMetrics.js
FN:8,(anonymous_0)
FN:17,(anonymous_1)
FN:21,(anonymous_2)
FN:58,(anonymous_3)
FN:58,(anonymous_4)
FN:59,(anonymous_5)
FN:59,(anonymous_6)
FN:60,(anonymous_7)
FN:60,(anonymous_8)
FN:61,(anonymous_9)
FN:61,(anonymous_10)
FN:118,(anonymous_11)
FN:119,(anonymous_12)
FNF:13
FNH:0
FNDA:0,(anonymous_0)
FNDA:0,(anonymous_1)
FNDA:0,(anonymous_2)
FNDA:0,(anonymous_3)
FNDA:0,(anonymous_4)
FNDA:0,(anonymous_5)
FNDA:0,(anonymous_6)
FNDA:0,(anonymous_7)
FNDA:0,(anonymous_8)
FNDA:0,(anonymous_9)
FNDA:0,(anonymous_10)
FNDA:0,(anonymous_11)
FNDA:0,(anonymous_12)
DA:8,0
DA:9,0
DA:17,0
DA:18,0
DA:21,0
DA:22,0
DA:24,0
DA:33,0
DA:34,0
DA:35,0
DA:36,0
DA:37,0
DA:39,0
DA:41,0
DA:42,0
DA:44,0
DA:46,0
DA:47,0
DA:51,0
DA:53,0
DA:57,0
DA:58,0
DA:59,0
DA:60,0
DA:61,0
DA:65,0
DA:66,0
DA:67,0
DA:68,0
DA:73,0
DA:77,0
DA:94,0
DA:96,0
DA:98,0
DA:102,0
DA:103,0
DA:110,0
DA:113,0
DA:118,0
DA:119,0
DA:130,0
LF:41
LH:0
BRDA:46,0,0,0
BRDA:46,0,1,0
BRDA:46,1,0,0
BRDA:46,1,1,0
BRDA:53,2,0,0
BRDA:53,2,1,0
BRDA:65,3,0,0
BRDA:65,3,1,0
BRDA:65,4,0,0
BRDA:65,4,1,0
BRDA:66,5,0,0
BRDA:66,5,1,0
BRDA:66,6,0,0
BRDA:66,6,1,0
BRDA:67,7,0,0
BRDA:67,7,1,0
BRDA:67,8,0,0
BRDA:67,8,1,0
BRDA:68,9,0,0
BRDA:68,9,1,0
BRDA:68,10,0,0
BRDA:68,10,1,0
BRDA:81,11,0,0
BRDA:81,11,1,0
BRDA:86,12,0,0
BRDA:86,12,1,0
BRDA:90,13,0,0
BRDA:90,13,1,0
BRDA:102,14,0,0
BRDA:102,14,1,0
BRDA:118,15,0,0
BRDA:119,16,0,0
BRDA:137,17,0,0
BRDA:137,17,1,0
BRDA:141,18,0,0
BRDA:141,18,1,0
BRDA:143,19,0,0
BRDA:143,19,1,0
BRDA:143,20,0,0
BRDA:143,20,1,0
BRDA:146,21,0,0
BRDA:146,21,1,0
BRDA:150,22,0,0
BRDA:150,22,1,0
BRDA:162,23,0,0
BRDA:162,23,1,0
BRDA:167,24,0,0
BRDA:167,24,1,0
BRDA:172,25,0,0
BRDA:172,25,1,0
BRDA:179,26,0,0
BRDA:179,26,1,0
BRDA:179,26,2,0
BRDA:222,27,0,0
BRDA:222,27,1,0
BRDA:239,28,0,0
BRDA:239,28,1,0
BRDA:286,29,0,0
BRDA:286,29,1,0
BRDA:291,30,0,0
BRDA:291,30,1,0
BRDA:296,31,0,0
BRDA:296,31,1,0
BRDA:301,32,0,0
BRDA:301,32,1,0
BRDA:313,33,0,0
BRDA:313,33,1,0
BRDA:319,34,0,0
BRDA:319,34,1,0
BRDA:325,35,0,0
BRDA:325,35,1,0
BRF:71
BRH:0
end_of_record
TN:
SF:components\features\admin\users\UserManagement.js
FN:7,(anonymous_0)
FN:23,(anonymous_1)
FN:28,(anonymous_2)
FN:59,(anonymous_3)
FN:70,(anonymous_4)
FN:95,(anonymous_5)
FN:104,(anonymous_6)
FN:128,(anonymous_7)
FN:154,(anonymous_8)
FN:160,(anonymous_9)
FN:228,(anonymous_10)
FN:238,(anonymous_11)
FN:252,(anonymous_12)
FN:259,(anonymous_13)
FN:276,(anonymous_14)
FNF:15
FNH:0
FNDA:0,(anonymous_0)
FNDA:0,(anonymous_1)
FNDA:0,(anonymous_2)
FNDA:0,(anonymous_3)
FNDA:0,(anonymous_4)
FNDA:0,(anonymous_5)
FNDA:0,(anonymous_6)
FNDA:0,(anonymous_7)
FNDA:0,(anonymous_8)
FNDA:0,(anonymous_9)
FNDA:0,(anonymous_10)
FNDA:0,(anonymous_11)
FNDA:0,(anonymous_12)
FNDA:0,(anonymous_13)
FNDA:0,(anonymous_14)
DA:7,0
DA:8,0
DA:9,0
DA:10,0
DA:11,0
DA:12,0
DA:15,0
DA:23,0
DA:24,0
DA:28,0
DA:29,0
DA:30,0
DA:31,0
DA:32,0
DA:35,0
DA:37,0
DA:39,0
DA:40,0
DA:43,0
DA:44,0
DA:45,0
DA:48,0
DA:50,0
DA:51,0
DA:53,0
DA:54,0
DA:59,0
DA:60,0
DA:66,0
DA:70,0
DA:71,0
DA:72,0
DA:80,0
DA:81,0
DA:85,0
DA:86,0
DA:87,0
DA:89,0
DA:90,0
DA:95,0
DA:96,0
DA:105,0
DA:106,0
DA:110,0
DA:111,0
DA:115,0
DA:116,0
DA:118,0
DA:119,0
DA:128,0
DA:130,0
DA:131,0
DA:133,0
DA:134,0
DA:135,0
DA:136,0
DA:137,0
DA:138,0
DA:139,0
DA:140,0
DA:141,0
DA:144,0
DA:154,0
DA:160,0
DA:170,0
DA:171,0
DA:180,0
DA:181,0
DA:199,0
DA:228,0
DA:238,0
DA:253,0
DA:259,0
DA:276,0
LF:74
LH:0
BRDA:39,0,0,0
BRDA:39,0,1,0
BRDA:80,1,0,0
BRDA:80,1,1,0
BRDA:110,2,0,0
BRDA:110,2,1,0
BRDA:133,3,0,0
BRDA:133,3,1,0
BRDA:136,4,0,0
BRDA:136,4,1,0
BRDA:139,5,0,0
BRDA:139,5,1,0
BRDA:170,6,0,0
BRDA:170,6,1,0
BRDA:170,7,0,0
BRDA:170,7,1,0
BRDA:180,8,0,0
BRDA:180,8,1,0
BRDA:180,9,0,0
BRDA:180,9,1,0
BRDA:208,10,0,0
BRDA:208,10,1,0
BRDA:219,11,0,0
BRDA:219,11,1,0
BRDA:228,12,0,0
BRDA:228,12,1,0
BRDA:230,13,0,0
BRDA:230,13,1,0
BRDA:257,14,0,0
BRDA:257,14,1,0
BRDA:263,15,0,0
BRDA:263,15,1,0
BRDA:265,16,0,0
BRDA:265,16,1,0
BRDA:266,17,0,0
BRDA:266,17,1,0
BRDA:267,18,0,0
BRDA:267,18,1,0
BRF:38
BRH:0
end_of_record
TN:
SF:components\features\artists\forms\ArtistRegistration.js
FN:18,(anonymous_0)
FN:31,(anonymous_1)
FN:41,(anonymous_2)
FN:51,(anonymous_3)
FN:80,(anonymous_4)
FN:91,(anonymous_5)
FN:104,(anonymous_6)
FN:115,(anonymous_7)
FN:132,(anonymous_8)
FNF:9
FNH:0
FNDA:0,(anonymous_0)
FNDA:0,(anonymous_1)
FNDA:0,(anonymous_2)
FNDA:0,(anonymous_3)
FNDA:0,(anonymous_4)
FNDA:0,(anonymous_5)
FNDA:0,(anonymous_6)
FNDA:0,(anonymous_7)
FNDA:0,(anonymous_8)
DA:18,0
DA:19,0
DA:20,0
DA:31,0
DA:32,0
DA:33,0
DA:34,0
DA:35,0
DA:38,0
DA:41,0
DA:44,0
DA:45,0
DA:51,0
DA:57,0
DA:58,0
DA:62,0
DA:80,0
DA:91,0
DA:104,0
DA:116,0
DA:133,0
LF:21
LH:0
BRDA:25,0,0,0
BRDA:25,0,1,0
BRDA:33,1,0,0
BRDA:33,1,1,0
BRDA:44,2,0,0
BRDA:44,2,1,0
BRF:6
BRH:0
end_of_record
TN:
SF:components\features\artists\forms\ArtisticNameForm.js
FN:5,(anonymous_0)
FNF:1
FNH:0
FNDA:0,(anonymous_0)
DA:5,0
DA:6,0
LF:2
LH:0
BRF:0
BRH:0
end_of_record
TN:
SF:components\features\artists\forms\BiographyForm.js
FN:5,(anonymous_0)
FNF:1
FNH:0
FNDA:0,(anonymous_0)
DA:5,0
DA:6,0
LF:2
LH:0
BRF:0
BRH:0
end_of_record
TN:
SF:components\features\artists\forms\ContactForm.js
FN:5,(anonymous_0)
FN:9,(anonymous_1)
FN:14,(anonymous_2)
FNF:3
FNH:0
FNDA:0,(anonymous_0)
FNDA:0,(anonymous_1)
FNDA:0,(anonymous_2)
DA:5,0
DA:6,0
DA:10,0
DA:14,0
LF:4
LH:0
BRDA:15,0,0,0
BRDA:15,0,1,0
BRF:2
BRH:0
end_of_record
TN:
SF:components\features\artists\forms\SkillsForm.js
FN:6,(anonymous_0)
FN:28,(anonymous_1)
FN:32,(anonymous_2)
FNF:3
FNH:0
FNDA:0,(anonymous_0)
FNDA:0,(anonymous_1)
FNDA:0,(anonymous_2)
DA:6,0
DA:7,0
DA:29,0
DA:32,0
LF:4
LH:0
BRF:0
BRH:0
end_of_record
TN:
SF:components\features\artists\forms\SocialMediaForm.js
FN:5,(anonymous_0)
FN:9,(anonymous_1)
FN:14,(anonymous_2)
FNF:3
FNH:0
FNDA:0,(anonymous_0)
FNDA:0,(anonymous_1)
FNDA:0,(anonymous_2)
DA:5,0
DA:6,0
DA:10,0
DA:14,0
LF:4
LH:0
BRF:0
BRH:0
end_of_record
TN:
SF:components\features\artists\modals\AddProjectModal.js
FN:10,(anonymous_0)
FN:17,(anonymous_1)
FN:37,(anonymous_2)
FN:51,(anonymous_3)
FN:53,(anonymous_4)
FN:78,(anonymous_5)
FN:87,(anonymous_6)
FN:100,(anonymous_7)
FN:108,(anonymous_8)
FNF:9
FNH:0
FNDA:0,(anonymous_0)
FNDA:0,(anonymous_1)
FNDA:0,(anonymous_2)
FNDA:0,(anonymous_3)
FNDA:0,(anonymous_4)
FNDA:0,(anonymous_5)
FNDA:0,(anonymous_6)
FNDA:0,(anonymous_7)
FNDA:0,(anonymous_8)
DA:8,0
DA:10,0
DA:17,0
DA:18,0
DA:19,0
DA:21,0
DA:22,0
DA:23,0
DA:26,0
DA:35,0
DA:37,0
DA:40,0
DA:46,0
DA:47,0
DA:51,0
DA:53,0
DA:54,0
DA:57,0
DA:78,0
DA:87,0
DA:101,0
DA:108,0
LF:22
LH:0
BRDA:21,0,0,0
BRDA:21,0,1,0
BRDA:35,1,0,0
BRDA:35,1,1,0
BRDA:35,2,0,0
BRDA:35,2,1,0
BRDA:35,2,2,0
BRDA:98,3,0,0
BRDA:98,3,1,0
BRDA:114,4,0,0
BRDA:114,4,1,0
BRF:11
BRH:0
end_of_record
TN:
SF:components\features\artists\modals\ArtistProfilesModal.js
FN:25,(anonymous_0)
FN:42,(anonymous_1)
FN:52,(anonymous_2)
FN:83,(anonymous_3)
FN:103,(anonymous_4)
FN:119,(anonymous_5)
FN:156,(anonymous_6)
FN:175,(anonymous_7)
FN:206,(anonymous_8)
FN:225,(anonymous_9)
FN:247,(anonymous_10)
FN:264,(anonymous_11)
FN:279,(anonymous_12)
FN:287,(anonymous_13)
FN:292,(anonymous_14)
FN:299,(anonymous_15)
FN:309,(anonymous_16)
FN:311,(anonymous_17)
FN:323,(anonymous_18)
FN:324,(anonymous_19)
FN:348,(anonymous_20)
FNF:21
FNH:0
FNDA:0,(anonymous_0)
FNDA:0,(anonymous_1)
FNDA:0,(anonymous_2)
FNDA:0,(anonymous_3)
FNDA:0,(anonymous_4)
FNDA:0,(anonymous_5)
FNDA:0,(anonymous_6)
FNDA:0,(anonymous_7)
FNDA:0,(anonymous_8)
FNDA:0,(anonymous_9)
FNDA:0,(anonymous_10)
FNDA:0,(anonymous_11)
FNDA:0,(anonymous_12)
FNDA:0,(anonymous_13)
FNDA:0,(anonymous_14)
FNDA:0,(anonymous_15)
FNDA:0,(anonymous_16)
FNDA:0,(anonymous_17)
FNDA:0,(anonymous_18)
FNDA:0,(anonymous_19)
FNDA:0,(anonymous_20)
DA:25,0
DA:27,0
DA:28,0
DA:31,0
DA:32,0
DA:33,0
DA:34,0
DA:35,0
DA:36,0
DA:37,0
DA:42,0
DA:43,0
DA:44,0
DA:45,0
DA:46,0
DA:48,0
DA:49,0
DA:52,0
DA:54,0
DA:56,0
DA:58,0
DA:60,0
DA:62,0
DA:64,0
DA:67,0
DA:69,0
DA:70,0
DA:73,0
DA:74,0
DA:76,0
DA:83,0
DA:84,0
DA:85,0
DA:86,0
DA:89,0
DA:91,0
DA:92,0
DA:99,0
DA:100,0
DA:103,0
DA:104,0
DA:106,0
DA:108,0
DA:111,0
DA:119,0
DA:120,0
DA:121,0
DA:122,0
DA:124,0
DA:125,0
DA:126,0
DA:128,0
DA:129,0
DA:132,0
DA:135,0
DA:136,0
DA:140,0
DA:141,0
DA:142,0
DA:143,0
DA:144,0
DA:146,0
DA:147,0
DA:149,0
DA:150,0
DA:155,0
DA:156,0
DA:158,0
DA:159,0
DA:160,0
DA:162,0
DA:163,0
DA:169,0
DA:174,0
DA:175,0
DA:177,0
DA:178,0
DA:181,0
DA:182,0
DA:184,0
DA:189,0
DA:191,0
DA:192,0
DA:195,0
DA:196,0
DA:198,0
DA:206,0
DA:207,0
DA:208,0
DA:209,0
DA:212,0
DA:213,0
DA:215,0
DA:216,0
DA:218,0
DA:225,0
DA:226,0
DA:229,0
DA:234,0
DA:235,0
DA:238,0
DA:239,0
DA:247,0
DA:249,0
DA:250,0
DA:251,0
DA:252,0
DA:253,0
DA:256,0
DA:258,0
DA:264,0
DA:265,0
DA:268,0
DA:269,0
DA:270,0
DA:271,0
DA:272,0
DA:275,0
DA:279,0
DA:287,0
DA:288,0
DA:292,0
DA:293,0
DA:294,0
DA:299,0
DA:300,0
DA:301,0
DA:302,0
DA:309,0
DA:311,0
DA:312,0
DA:315,0
DA:317,0
DA:323,0
DA:324,0
DA:332,0
DA:348,0
LF:137
LH:0
BRDA:25,0,0,0
BRDA:48,1,0,0
BRDA:48,1,1,0
BRDA:48,2,0,0
BRDA:48,2,1,0
BRDA:54,3,0,0
BRDA:54,3,1,0
BRDA:56,4,0,0
BRDA:56,4,1,0
BRDA:84,5,0,0
BRDA:84,5,1,0
BRDA:84,6,0,0
BRDA:84,6,1,0
BRDA:91,7,0,0
BRDA:91,7,1,0
BRDA:91,7,2,0
BRDA:99,8,0,0
BRDA:99,8,1,0
BRDA:99,9,0,0
BRDA:99,9,1,0
BRDA:128,10,0,0
BRDA:128,10,1,0
BRDA:128,11,0,0
BRDA:128,11,1,0
BRDA:135,12,0,0
BRDA:135,12,1,0
BRDA:135,13,0,0
BRDA:135,13,1,0
BRDA:140,14,0,0
BRDA:140,14,1,0
BRDA:143,15,0,0
BRDA:143,15,1,0
BRDA:155,16,0,0
BRDA:155,16,1,0
BRDA:155,17,0,0
BRDA:155,17,1,0
BRDA:158,18,0,0
BRDA:158,18,1,0
BRDA:174,19,0,0
BRDA:174,19,1,0
BRDA:174,20,0,0
BRDA:174,20,1,0
BRDA:177,21,0,0
BRDA:177,21,1,0
BRDA:177,22,0,0
BRDA:177,22,1,0
BRDA:181,23,0,0
BRDA:181,23,1,0
BRDA:181,24,0,0
BRDA:181,24,1,0
BRDA:181,24,2,0
BRDA:207,25,0,0
BRDA:207,25,1,0
BRDA:207,26,0,0
BRDA:207,26,1,0
BRDA:213,27,0,0
BRDA:213,27,1,0
BRDA:213,27,2,0
BRDA:216,28,0,0
BRDA:216,28,1,0
BRDA:249,29,0,0
BRDA:249,29,1,0
BRDA:265,30,0,0
BRDA:265,30,1,0
BRDA:270,31,0,0
BRDA:270,31,1,0
BRDA:270,32,0,0
BRDA:270,32,1,0
BRDA:293,33,0,0
BRDA:293,33,1,0
BRDA:300,34,0,0
BRDA:300,34,1,0
BRDA:312,35,0,0
BRDA:312,35,1,0
BRDA:327,36,0,0
BRDA:327,36,1,0
BRDA:342,37,0,0
BRDA:342,37,1,0
BRDA:344,38,0,0
BRDA:344,38,1,0
BRF:80
BRH:0
end_of_record
TN:
SF:components\features\artists\modals\PreviewProjectModal.js
FN:9,(anonymous_0)
FN:17,(anonymous_1)
FN:24,(anonymous_2)
FN:93,(anonymous_3)
FN:96,(anonymous_4)
FN:121,(anonymous_5)
FNF:6
FNH:0
FNDA:0,(anonymous_0)
FNDA:0,(anonymous_1)
FNDA:0,(anonymous_2)
FNDA:0,(anonymous_3)
FNDA:0,(anonymous_4)
FNDA:0,(anonymous_5)
DA:7,0
DA:9,0
DA:17,0
DA:18,0
DA:19,0
DA:20,0
DA:24,0
DA:25,0
DA:26,0
DA:27,0
DA:33,0
DA:35,0
DA:94,0
DA:96,0
DA:121,0
LF:15
LH:0
BRDA:18,0,0,0
BRDA:18,0,1,0
BRDA:18,1,0,0
BRDA:18,1,1,0
BRDA:18,1,2,0
BRDA:25,2,0,0
BRDA:25,2,1,0
BRDA:25,3,0,0
BRDA:25,3,1,0
BRDA:25,3,2,0
BRDA:28,4,0,0
BRDA:28,4,1,0
BRDA:33,5,0,0
BRDA:33,5,1,0
BRDA:53,6,0,0
BRDA:53,6,1,0
BRDA:53,7,0,0
BRDA:53,7,1,0
BRDA:61,8,0,0
BRDA:61,8,1,0
BRDA:87,9,0,0
BRDA:87,9,1,0
BRDA:87,9,2,0
BRDA:99,10,0,0
BRDA:99,10,1,0
BRF:25
BRH:0
end_of_record
TN:
SF:components\features\artists\sections\ArtistDetails.js
FN:9,(anonymous_0)
FN:67,(anonymous_1)
FN:79,(anonymous_2)
FN:86,(anonymous_3)
FN:96,(anonymous_4)
FN:122,(anonymous_5)
FN:127,(anonymous_6)
FN:142,(anonymous_7)
FN:176,(anonymous_8)
FN:230,(anonymous_9)
FN:267,(anonymous_10)
FN:287,(anonymous_11)
FN:297,(anonymous_12)
FN:321,(anonymous_13)
FN:340,(anonymous_14)
FN:350,(anonymous_15)
FN:358,(anonymous_16)
FN:366,(anonymous_17)
FN:374,(anonymous_18)
FNF:19
FNH:0
FNDA:0,(anonymous_0)
FNDA:0,(anonymous_1)
FNDA:0,(anonymous_2)
FNDA:0,(anonymous_3)
FNDA:0,(anonymous_4)
FNDA:0,(anonymous_5)
FNDA:0,(anonymous_6)
FNDA:0,(anonymous_7)
FNDA:0,(anonymous_8)
FNDA:0,(anonymous_9)
FNDA:0,(anonymous_10)
FNDA:0,(anonymous_11)
FNDA:0,(anonymous_12)
FNDA:0,(anonymous_13)
FNDA:0,(anonymous_14)
FNDA:0,(anonymous_15)
FNDA:0,(anonymous_16)
FNDA:0,(anonymous_17)
FNDA:0,(anonymous_18)
DA:9,0
DA:16,0
DA:18,0
DA:67,0
DA:68,0
DA:79,0
DA:80,0
DA:86,0
DA:96,0
DA:122,0
DA:123,0
DA:128,0
DA:142,0
DA:144,0
DA:145,0
DA:156,0
DA:157,0
DA:168,0
DA:169,0
DA:172,0
DA:177,0
DA:232,0
DA:235,0
DA:236,0
DA:244,0
DA:248,0
DA:253,0
DA:255,0
DA:267,0
DA:287,0
DA:288,0
DA:298,0
DA:322,0
DA:340,0
DA:341,0
DA:343,0
DA:350,0
DA:358,0
DA:366,0
DA:374,0
LF:40
LH:0
BRDA:16,0,0,0
BRDA:16,0,1,0
BRDA:30,1,0,0
BRDA:30,1,1,0
BRDA:71,2,0,0
BRDA:71,2,1,0
BRDA:84,3,0,0
BRDA:84,3,1,0
BRDA:84,3,2,0
BRDA:94,4,0,0
BRDA:94,4,1,0
BRDA:94,4,2,0
BRDA:104,5,0,0
BRDA:104,5,1,0
BRDA:104,5,2,0
BRDA:112,6,0,0
BRDA:112,6,1,0
BRDA:112,6,2,0
BRDA:112,6,3,0
BRDA:112,6,4,0
BRDA:125,7,0,0
BRDA:125,7,1,0
BRDA:125,8,0,0
BRDA:125,8,1,0
BRDA:144,9,0,0
BRDA:144,9,1,0
BRDA:156,10,0,0
BRDA:156,10,1,0
BRDA:175,11,0,0
BRDA:175,11,1,0
BRDA:177,12,0,0
BRDA:177,12,1,0
BRDA:182,13,0,0
BRDA:182,13,1,0
BRDA:185,14,0,0
BRDA:185,14,1,0
BRDA:192,15,0,0
BRDA:192,15,1,0
BRDA:197,16,0,0
BRDA:197,16,1,0
BRDA:205,17,0,0
BRDA:205,17,1,0
BRDA:210,18,0,0
BRDA:210,18,1,0
BRDA:210,18,2,0
BRDA:213,19,0,0
BRDA:213,19,1,0
BRDA:219,20,0,0
BRDA:219,20,1,0
BRDA:219,20,2,0
BRDA:219,20,3,0
BRDA:219,20,4,0
BRDA:222,21,0,0
BRDA:222,21,1,0
BRDA:222,21,2,0
BRDA:222,21,3,0
BRDA:232,22,0,0
BRDA:232,22,1,0
BRDA:236,23,0,0
BRDA:236,23,1,0
BRDA:236,24,0,0
BRDA:236,24,1,0
BRDA:236,24,2,0
BRDA:236,24,3,0
BRDA:236,24,4,0
BRDA:236,24,5,0
BRDA:236,24,6,0
BRDA:236,24,7,0
BRDA:248,25,0,0
BRDA:248,25,1,0
BRDA:264,26,0,0
BRDA:264,26,1,0
BRDA:275,27,0,0
BRDA:275,27,1,0
BRDA:291,28,0,0
BRDA:291,28,1,0
BRDA:294,29,0,0
BRDA:294,29,1,0
BRDA:294,30,0,0
BRDA:294,30,1,0
BRDA:313,31,0,0
BRDA:313,31,1,0
BRDA:313,32,0,0
BRDA:313,32,1,0
BRDA:324,33,0,0
BRDA:324,33,1,0
BRDA:341,34,0,0
BRDA:341,34,1,0
BRDA:341,35,0,0
BRDA:341,35,1,0
BRDA:347,36,0,0
BRDA:347,36,1,0
BRDA:355,37,0,0
BRDA:355,37,1,0
BRDA:363,38,0,0
BRDA:363,38,1,0
BRDA:371,39,0,0
BRDA:371,39,1,0
BRF:98
BRH:0
end_of_record
TN:
SF:components\features\artists\sections\ArtistProfile.js
FN:10,(anonymous_0)
FN:44,(anonymous_1)
FN:49,(anonymous_2)
FN:52,(anonymous_3)
FN:64,(anonymous_4)
FN:66,(anonymous_5)
FN:74,(anonymous_6)
FN:75,(anonymous_7)
FN:77,(anonymous_8)
FN:82,(anonymous_9)
FN:99,(anonymous_10)
FN:111,(anonymous_11)
FN:173,(anonymous_12)
FNF:13
FNH:0
FNDA:0,(anonymous_0)
FNDA:0,(anonymous_1)
FNDA:0,(anonymous_2)
FNDA:0,(anonymous_3)
FNDA:0,(anonymous_4)
FNDA:0,(anonymous_5)
FNDA:0,(anonymous_6)
FNDA:0,(anonymous_7)
FNDA:0,(anonymous_8)
FNDA:0,(anonymous_9)
FNDA:0,(anonymous_10)
FNDA:0,(anonymous_11)
FNDA:0,(anonymous_12)
DA:10,0
DA:12,0
DA:13,0
DA:14,0
DA:15,0
DA:16,0
DA:19,0
DA:44,0
DA:45,0
DA:49,0
DA:50,0
DA:51,0
DA:52,0
DA:64,0
DA:65,0
DA:66,0
DA:70,0
DA:74,0
DA:75,0
DA:77,0
DA:82,0
DA:83,0
DA:84,0
DA:86,0
DA:87,0
DA:88,0
DA:91,0
DA:98,0
DA:99,0
DA:103,0
DA:106,0
DA:111,0
DA:112,0
DA:114,0
DA:115,0
DA:116,0
DA:117,0
DA:118,0
DA:120,0
DA:121,0
DA:123,0
DA:124,0
DA:129,0
DA:130,0
DA:136,0
DA:137,0
DA:141,0
DA:143,0
DA:144,0
DA:145,0
DA:146,0
DA:148,0
DA:151,0
DA:155,0
DA:173,0
LF:55
LH:0
BRDA:36,0,0,0
BRDA:36,0,1,0
BRDA:51,1,0,0
BRDA:51,1,1,0
BRDA:65,2,0,0
BRDA:65,2,1,0
BRDA:86,3,0,0
BRDA:86,3,1,0
BRDA:98,4,0,0
BRDA:98,4,1,0
BRDA:98,5,0,0
BRDA:98,5,1,0
BRDA:98,5,2,0
BRDA:115,6,0,0
BRDA:115,6,1,0
BRDA:115,7,0,0
BRDA:115,7,1,0
BRDA:120,8,0,0
BRDA:120,8,1,0
BRDA:123,9,0,0
BRDA:123,9,1,0
BRDA:129,10,0,0
BRDA:129,10,1,0
BRDA:132,11,0,0
BRDA:132,11,1,0
BRDA:136,12,0,0
BRDA:136,12,1,0
BRDA:143,13,0,0
BRDA:143,13,1,0
BRDA:148,14,0,0
BRDA:148,14,1,0
BRDA:157,15,0,0
BRDA:157,15,1,0
BRF:33
BRH:0
end_of_record
TN:
SF:components\features\artists\sections\ArtistSearch.js
FN:9,(anonymous_0)
FN:27,(anonymous_1)
FN:34,(anonymous_2)
FN:41,(anonymous_3)
FNF:4
FNH:0
FNDA:0,(anonymous_0)
FNDA:0,(anonymous_1)
FNDA:0,(anonymous_2)
FNDA:0,(anonymous_3)
DA:9,0
DA:16,0
DA:27,0
DA:35,0
DA:41,0
LF:5
LH:0
BRDA:26,0,0,0
BRDA:26,0,1,0
BRDA:39,1,0,0
BRDA:39,1,1,0
BRDA:46,2,0,0
BRDA:46,2,1,0
BRF:6
BRH:0
end_of_record
TN:
SF:components\features\artists\sections\BiographySection.js
FN:5,(anonymous_0)
FNF:1
FNH:0
FNDA:0,(anonymous_0)
DA:5,0
DA:6,0
LF:2
LH:0
BRDA:9,0,0,0
BRDA:9,0,1,0
BRF:2
BRH:0
end_of_record
TN:
SF:components\features\artists\sections\ContactSection.js
FN:5,(anonymous_0)
FN:6,(anonymous_1)
FN:12,(anonymous_2)
FNF:3
FNH:0
FNDA:0,(anonymous_0)
FNDA:0,(anonymous_1)
FNDA:0,(anonymous_2)
DA:5,0
DA:6,0
DA:8,0
DA:13,0
LF:4
LH:0
BRDA:5,0,0,0
BRDA:6,1,0,0
BRDA:6,1,1,0
BRDA:11,2,0,0
BRDA:11,2,1,0
BRDA:13,3,0,0
BRDA:13,3,1,0
BRDA:13,3,2,0
BRF:8
BRH:0
end_of_record
TN:
SF:components\features\artists\sections\SkillsSection.js
FN:5,(anonymous_0)
FN:11,(anonymous_1)
FNF:2
FNH:0
FNDA:0,(anonymous_0)
FNDA:0,(anonymous_1)
DA:5,0
DA:6,0
DA:12,0
LF:3
LH:0
BRDA:5,0,0,0
BRDA:10,1,0,0
BRDA:10,1,1,0
BRF:3
BRH:0
end_of_record
TN:
SF:components\features\artists\sections\SocialMediaSection.js
FN:6,(anonymous_0)
FN:7,(anonymous_1)
FN:13,(anonymous_2)
FNF:3
FNH:0
FNDA:0,(anonymous_0)
FNDA:0,(anonymous_1)
FNDA:0,(anonymous_2)
DA:6,0
DA:7,0
DA:9,0
DA:14,0
LF:4
LH:0
BRDA:6,0,0,0
BRDA:7,1,0,0
BRDA:7,1,1,0
BRDA:12,2,0,0
BRDA:12,2,1,0
BRDA:14,3,0,0
BRDA:14,3,1,0
BRDA:14,3,2,0
BRF:8
BRH:0
end_of_record
TN:
SF:components\features\artists\services\ArtistService.js
FN:12,(anonymous_0)
FN:27,(anonymous_1)
FN:42,(anonymous_2)
FN:58,(anonymous_3)
FN:74,(anonymous_4)
FN:89,(anonymous_5)
FN:112,(anonymous_6)
FN:147,(anonymous_7)
FN:153,(anonymous_8)
FN:178,(anonymous_9)
FN:179,(anonymous_10)
FN:188,(anonymous_11)
FN:194,(anonymous_12)
FN:195,(anonymous_13)
FNF:14
FNH:0
FNDA:0,(anonymous_0)
FNDA:0,(anonymous_1)
FNDA:0,(anonymous_2)
FNDA:0,(anonymous_3)
FNDA:0,(anonymous_4)
FNDA:0,(anonymous_5)
FNDA:0,(anonymous_6)
FNDA:0,(anonymous_7)
FNDA:0,(anonymous_8)
FNDA:0,(anonymous_9)
FNDA:0,(anonymous_10)
FNDA:0,(anonymous_11)
FNDA:0,(anonymous_12)
FNDA:0,(anonymous_13)
DA:7,0
DA:13,0
DA:14,0
DA:15,0
DA:17,0
DA:18,0
DA:28,0
DA:29,0
DA:30,0
DA:32,0
DA:33,0
DA:43,0
DA:44,0
DA:45,0
DA:47,0
DA:48,0
DA:59,0
DA:60,0
DA:61,0
DA:63,0
DA:64,0
DA:75,0
DA:76,0
DA:77,0
DA:79,0
DA:80,0
DA:90,0
DA:93,0
DA:94,0
DA:98,0
DA:99,0
DA:100,0
DA:101,0
DA:104,0
DA:113,0
DA:115,0
DA:116,0
DA:117,0
DA:118,0
DA:119,0
DA:121,0
DA:122,0
DA:124,0
DA:125,0
DA:130,0
DA:131,0
DA:135,0
DA:136,0
DA:139,0
DA:148,0
DA:149,0
DA:150,0
DA:153,0
DA:155,0
DA:156,0
DA:160,0
DA:179,0
DA:189,0
DA:190,0
DA:193,0
DA:194,0
DA:195,0
LF:62
LH:0
BRDA:90,0,0,0
BRDA:90,0,1,0
BRDA:93,1,0,0
BRDA:93,1,1,0
BRDA:93,2,0,0
BRDA:93,2,1,0
BRDA:93,2,2,0
BRDA:98,3,0,0
BRDA:98,3,1,0
BRDA:98,4,0,0
BRDA:98,4,1,0
BRDA:100,5,0,0
BRDA:100,5,1,0
BRDA:100,6,0,0
BRDA:100,6,1,0
BRDA:113,7,0,0
BRDA:113,7,1,0
BRDA:115,8,0,0
BRDA:115,8,1,0
BRDA:118,9,0,0
BRDA:118,9,1,0
BRDA:130,10,0,0
BRDA:130,10,1,0
BRDA:135,11,0,0
BRDA:135,11,1,0
BRDA:147,12,0,0
BRDA:148,13,0,0
BRDA:148,13,1,0
BRDA:155,14,0,0
BRDA:155,14,1,0
BRDA:162,15,0,0
BRDA:162,15,1,0
BRDA:163,16,0,0
BRDA:163,16,1,0
BRDA:164,17,0,0
BRDA:164,17,1,0
BRDA:165,18,0,0
BRDA:165,18,1,0
BRDA:166,19,0,0
BRDA:166,19,1,0
BRDA:167,20,0,0
BRDA:167,20,1,0
BRDA:189,21,0,0
BRDA:189,21,1,0
BRDA:189,22,0,0
BRDA:189,22,1,0
BRDA:194,23,0,0
BRDA:194,23,1,0
BRDA:195,24,0,0
BRDA:195,24,1,0
BRF:50
BRH:0
end_of_record
TN:
SF:components\features\artists\services\ProfileService.js
FN:4,(anonymous_0)
FN:22,(anonymous_1)
FN:34,(anonymous_2)
FNF:3
FNH:0
FNDA:0,(anonymous_0)
FNDA:0,(anonymous_1)
FNDA:0,(anonymous_2)
DA:4,0
DA:5,0
DA:6,0
DA:7,0
DA:8,0
DA:13,0
DA:15,0
DA:16,0
DA:18,0
DA:22,0
DA:23,0
DA:24,0
DA:25,0
DA:26,0
DA:28,0
DA:30,0
DA:34,0
DA:35,0
DA:37,0
DA:39,0
DA:42,0
DA:43,0
DA:46,0
DA:53,0
DA:63,0
DA:64,0
DA:66,0
DA:69,0
LF:28
LH:0
BRDA:7,0,0,0
BRDA:7,0,1,0
BRDA:15,1,0,0
BRDA:15,1,1,0
BRDA:18,2,0,0
BRDA:18,2,1,0
BRDA:22,3,0,0
BRDA:25,4,0,0
BRDA:25,4,1,0
BRDA:30,5,0,0
BRDA:30,5,1,0
BRDA:35,6,0,0
BRDA:35,6,1,0
BRDA:63,7,0,0
BRDA:63,7,1,0
BRDA:69,8,0,0
BRDA:69,8,1,0
BRF:17
BRH:0
end_of_record
TN:
SF:components\features\artists\ui\ArtistCard.js
FN:5,ArtistCard
FN:8,(anonymous_1)
FN:15,(anonymous_2)
FN:25,(anonymous_3)
FNF:4
FNH:0
FNDA:0,ArtistCard
FNDA:0,(anonymous_1)
FNDA:0,(anonymous_2)
FNDA:0,(anonymous_3)
DA:6,0
DA:8,0
DA:9,0
DA:15,0
DA:16,0
DA:22,0
DA:25,0
LF:7
LH:0
BRF:0
BRH:0
end_of_record
TN:
SF:components\features\artists\ui\ArtistListItem.js
FN:9,(anonymous_0)
FN:46,(anonymous_1)
FN:61,(anonymous_2)
FNF:3
FNH:0
FNDA:0,(anonymous_0)
FNDA:0,(anonymous_1)
FNDA:0,(anonymous_2)
DA:9,0
DA:17,0
DA:19,0
DA:47,0
DA:62,0
DA:63,0
LF:6
LH:0
BRDA:17,0,0,0
BRDA:17,0,1,0
BRDA:21,1,0,0
BRDA:21,1,1,0
BRDA:25,2,0,0
BRDA:25,2,1,0
BRDA:41,3,0,0
BRDA:41,3,1,0
BRDA:44,4,0,0
BRDA:44,4,1,0
BRDA:44,4,2,0
BRDA:51,5,0,0
BRDA:51,5,1,0
BRDA:67,6,0,0
BRDA:67,6,1,0
BRDA:69,7,0,0
BRDA:69,7,1,0
BRDA:78,8,0,0
BRDA:78,8,1,0
BRF:19
BRH:0
end_of_record
TN:
SF:components\features\artists\ui\ArtistProfileCard.js
FN:16,(anonymous_0)
FN:21,(anonymous_1)
FN:25,(anonymous_2)
FN:85,(anonymous_3)
FN:107,(anonymous_4)
FNF:5
FNH:0
FNDA:0,(anonymous_0)
FNDA:0,(anonymous_1)
FNDA:0,(anonymous_2)
FNDA:0,(anonymous_3)
FNDA:0,(anonymous_4)
DA:14,0
DA:16,0
DA:17,0
DA:18,0
DA:19,0
DA:21,0
DA:22,0
DA:25,0
DA:26,0
DA:27,0
DA:28,0
DA:31,0
DA:33,0
DA:34,0
DA:36,0
DA:39,0
DA:40,0
DA:42,0
DA:46,0
DA:47,0
DA:54,0
DA:55,0
DA:78,0
DA:79,0
DA:80,0
DA:82,0
DA:85,0
DA:108,0
LF:28
LH:0
BRDA:33,0,0,0
BRDA:33,0,1,0
BRDA:33,1,0,0
BRDA:33,1,1,0
BRDA:46,2,0,0
BRDA:46,2,1,0
BRDA:54,3,0,0
BRDA:54,3,1,0
BRDA:54,4,0,0
BRDA:54,4,1,0
BRDA:66,5,0,0
BRDA:66,5,1,0
BRDA:78,6,0,0
BRDA:78,6,1,0
BRDA:79,7,0,0
BRDA:79,7,1,0
BRDA:80,8,0,0
BRDA:80,8,1,0
BRDA:85,9,0,0
BRDA:85,9,1,0
BRDA:87,10,0,0
BRDA:87,10,1,0
BRDA:105,11,0,0
BRDA:105,11,1,0
BRDA:105,11,2,0
BRDA:112,12,0,0
BRDA:112,12,1,0
BRDA:119,13,0,0
BRDA:119,13,1,0
BRF:29
BRH:0
end_of_record
TN:
SF:components\features\artists\ui\ProfileImage.js
FN:7,(anonymous_0)
FN:9,(anonymous_1)
FNF:2
FNH:0
FNDA:0,(anonymous_0)
FNDA:0,(anonymous_1)
DA:7,0
DA:9,0
DA:10,0
DA:11,0
DA:18,0
DA:19,0
DA:31,0
DA:39,0
LF:8
LH:0
BRDA:10,0,0,0
BRDA:10,0,1,0
BRDA:10,1,0,0
BRDA:10,1,1,0
BRDA:18,2,0,0
BRDA:18,2,1,0
BRDA:22,3,0,0
BRDA:22,3,1,0
BRDA:43,4,0,0
BRDA:43,4,1,0
BRF:10
BRH:0
end_of_record
TN:
SF:components\features\artists\views\ArtistPortfolio.js
FN:18,(anonymous_0)
FN:44,(anonymous_1)
FN:49,(anonymous_2)
FN:56,(anonymous_3)
FN:77,(anonymous_4)
FN:94,(anonymous_5)
FN:106,(anonymous_6)
FN:108,(anonymous_7)
FN:115,(anonymous_8)
FN:181,(anonymous_9)
FN:187,(anonymous_10)
FN:189,(anonymous_11)
FN:195,(anonymous_12)
FN:197,(anonymous_13)
FN:206,(anonymous_14)
FN:215,(anonymous_15)
FN:224,(anonymous_16)
FN:229,(anonymous_17)
FN:258,(anonymous_18)
FN:281,(anonymous_19)
FN:293,(anonymous_20)
FN:302,(anonymous_21)
FN:312,(anonymous_22)
FN:317,(anonymous_23)
FN:324,(anonymous_24)
FN:335,(anonymous_25)
FN:344,(anonymous_26)
FN:354,(anonymous_27)
FN:357,(anonymous_28)
FN:361,(anonymous_29)
FN:397,(anonymous_30)
FN:405,(anonymous_31)
FNF:32
FNH:0
FNDA:0,(anonymous_0)
FNDA:0,(anonymous_1)
FNDA:0,(anonymous_2)
FNDA:0,(anonymous_3)
FNDA:0,(anonymous_4)
FNDA:0,(anonymous_5)
FNDA:0,(anonymous_6)
FNDA:0,(anonymous_7)
FNDA:0,(anonymous_8)
FNDA:0,(anonymous_9)
FNDA:0,(anonymous_10)
FNDA:0,(anonymous_11)
FNDA:0,(anonymous_12)
FNDA:0,(anonymous_13)
FNDA:0,(anonymous_14)
FNDA:0,(anonymous_15)
FNDA:0,(anonymous_16)
FNDA:0,(anonymous_17)
FNDA:0,(anonymous_18)
FNDA:0,(anonymous_19)
FNDA:0,(anonymous_20)
FNDA:0,(anonymous_21)
FNDA:0,(anonymous_22)
FNDA:0,(anonymous_23)
FNDA:0,(anonymous_24)
FNDA:0,(anonymous_25)
FNDA:0,(anonymous_26)
FNDA:0,(anonymous_27)
FNDA:0,(anonymous_28)
FNDA:0,(anonymous_29)
FNDA:0,(anonymous_30)
FNDA:0,(anonymous_31)
DA:12,0
DA:18,0
DA:20,0
DA:23,0
DA:24,0
DA:25,0
DA:28,0
DA:29,0
DA:30,0
DA:31,0
DA:34,0
DA:37,0
DA:44,0
DA:45,0
DA:49,0
DA:50,0
DA:56,0
DA:57,0
DA:58,0
DA:59,0
DA:61,0
DA:62,0
DA:65,0
DA:66,0
DA:69,0
DA:71,0
DA:72,0
DA:73,0
DA:77,0
DA:78,0
DA:79,0
DA:81,0
DA:82,0
DA:83,0
DA:86,0
DA:92,0
DA:94,0
DA:95,0
DA:101,0
DA:102,0
DA:106,0
DA:108,0
DA:109,0
DA:115,0
DA:117,0
DA:118,0
DA:119,0
DA:122,0
DA:123,0
DA:126,0
DA:136,0
DA:139,0
DA:140,0
DA:146,0
DA:157,0
DA:159,0
DA:160,0
DA:161,0
DA:168,0
DA:170,0
DA:173,0
DA:175,0
DA:176,0
DA:177,0
DA:181,0
DA:182,0
DA:183,0
DA:184,0
DA:187,0
DA:188,0
DA:189,0
DA:190,0
DA:195,0
DA:196,0
DA:197,0
DA:198,0
DA:206,0
DA:207,0
DA:215,0
DA:224,0
DA:225,0
DA:226,0
DA:229,0
DA:232,0
DA:233,0
DA:239,0
DA:251,0
DA:252,0
DA:254,0
DA:257,0
DA:258,0
DA:259,0
DA:275,0
DA:276,0
DA:278,0
DA:281,0
DA:282,0
DA:283,0
DA:286,0
DA:293,0
DA:294,0
DA:295,0
DA:296,0
DA:302,0
DA:303,0
DA:312,0
DA:313,0
DA:317,0
DA:324,0
DA:335,0
DA:336,0
DA:344,0
DA:354,0
DA:355,0
DA:358,0
DA:362,0
DA:363,0
DA:364,0
DA:384,0
DA:385,0
DA:388,0
DA:397,0
DA:405,0
LF:123
LH:0
BRDA:61,0,0,0
BRDA:61,0,1,0
BRDA:65,1,0,0
BRDA:65,1,1,0
BRDA:65,2,0,0
BRDA:65,2,1,0
BRDA:81,3,0,0
BRDA:81,3,1,0
BRDA:92,4,0,0
BRDA:92,4,1,0
BRDA:92,5,0,0
BRDA:92,5,1,0
BRDA:117,6,0,0
BRDA:117,6,1,0
BRDA:117,7,0,0
BRDA:117,7,1,0
BRDA:117,7,2,0
BRDA:142,8,0,0
BRDA:142,8,1,0
BRDA:152,9,0,0
BRDA:152,9,1,0
BRDA:157,10,0,0
BRDA:157,10,1,0
BRDA:188,11,0,0
BRDA:188,11,1,0
BRDA:190,12,0,0
BRDA:190,12,1,0
BRDA:196,13,0,0
BRDA:196,13,1,0
BRDA:198,14,0,0
BRDA:198,14,1,0
BRDA:235,15,0,0
BRDA:235,15,1,0
BRDA:245,16,0,0
BRDA:245,16,1,0
BRDA:254,17,0,0
BRDA:254,17,1,0
BRDA:264,18,0,0
BRDA:264,18,1,0
BRDA:270,19,0,0
BRDA:270,19,1,0
BRDA:278,20,0,0
BRDA:278,20,1,0
BRDA:313,21,0,0
BRDA:313,21,1,0
BRDA:368,22,0,0
BRDA:368,22,1,0
BRDA:368,22,2,0
BRDA:384,23,0,0
BRDA:384,23,1,0
BRDA:392,24,0,0
BRDA:392,24,1,0
BRF:52
BRH:0
end_of_record
TN:
SF:components\features\artists\views\ProfileEditMode.js
FN:12,(anonymous_0)
FN:24,(anonymous_1)
FN:28,(anonymous_2)
FN:32,(anonymous_3)
FN:39,(anonymous_4)
FNF:5
FNH:0
FNDA:0,(anonymous_0)
FNDA:0,(anonymous_1)
FNDA:0,(anonymous_2)
FNDA:0,(anonymous_3)
FNDA:0,(anonymous_4)
DA:12,0
DA:24,0
DA:25,0
DA:28,0
DA:29,0
DA:32,0
DA:33,0
DA:39,0
DA:40,0
DA:46,0
LF:10
LH:0
BRDA:55,0,0,0
BRDA:55,0,1,0
BRF:2
BRH:0
end_of_record
TN:
SF:components\features\artists\views\ProfileViewMode.js
FN:11,(anonymous_0)
FNF:1
FNH:0
FNDA:0,(anonymous_0)
DA:11,0
DA:12,0
LF:2
LH:0
BRDA:15,0,0,0
BRDA:15,0,1,0
BRF:2
BRH:0
end_of_record
TN:
SF:components\features\auth\admin\AdminAccess.js
FN:9,(anonymous_0)
FN:55,(anonymous_1)
FN:64,(anonymous_2)
FN:104,(anonymous_3)
FN:114,(anonymous_4)
FN:126,(anonymous_5)
FN:143,(anonymous_6)
FN:167,(anonymous_7)
FN:183,(anonymous_8)
FN:249,(anonymous_9)
FNF:10
FNH:0
FNDA:0,(anonymous_0)
FNDA:0,(anonymous_1)
FNDA:0,(anonymous_2)
FNDA:0,(anonymous_3)
FNDA:0,(anonymous_4)
FNDA:0,(anonymous_5)
FNDA:0,(anonymous_6)
FNDA:0,(anonymous_7)
FNDA:0,(anonymous_8)
FNDA:0,(anonymous_9)
DA:9,0
DA:23,0
DA:55,0
DA:64,0
DA:65,0
DA:66,0
DA:68,0
DA:71,0
DA:104,0
DA:105,0
DA:106,0
DA:107,0
DA:108,0
DA:109,0
DA:110,0
DA:111,0
DA:112,0
DA:114,0
DA:115,0
DA:116,0
DA:122,0
DA:126,0
DA:127,0
DA:129,0
DA:130,0
DA:131,0
DA:133,0
DA:134,0
DA:135,0
DA:136,0
DA:143,0
DA:144,0
DA:145,0
DA:146,0
DA:147,0
DA:148,0
DA:151,0
DA:152,0
DA:153,0
DA:156,0
DA:157,0
DA:159,0
DA:163,0
DA:168,0
DA:169,0
DA:183,0
DA:250,0
DA:251,0
DA:252,0
DA:253,0
DA:254,0
DA:255,0
LF:52
LH:0
BRDA:15,0,0,0
BRDA:16,1,0,0
BRDA:17,2,0,0
BRDA:18,3,0,0
BRDA:25,4,0,0
BRDA:25,4,1,0
BRDA:58,5,0,0
BRDA:60,6,0,0
BRDA:61,7,0,0
BRDA:65,8,0,0
BRDA:65,8,1,0
BRDA:65,9,0,0
BRDA:65,9,1,0
BRDA:75,10,0,0
BRDA:75,10,1,0
BRDA:77,11,0,0
BRDA:77,11,1,0
BRDA:81,12,0,0
BRDA:81,12,1,0
BRDA:90,13,0,0
BRDA:90,13,1,0
BRDA:115,14,0,0
BRDA:115,14,1,0
BRDA:127,15,0,0
BRDA:127,15,1,0
BRDA:134,16,0,0
BRDA:134,16,1,0
BRDA:173,17,0,0
BRDA:173,17,1,0
BRDA:183,18,0,0
BRDA:183,18,1,0
BRDA:228,19,0,0
BRDA:228,19,1,0
BRDA:237,20,0,0
BRDA:237,20,1,0
BRDA:250,21,0,0
BRDA:250,21,1,0
BRDA:266,22,0,0
BRDA:266,22,1,0
BRF:39
BRH:0
end_of_record
TN:
SF:components\features\auth\login\LoginAuth.js
FN:11,(anonymous_0)
FN:20,(anonymous_1)
FN:67,(anonymous_2)
FN:68,(anonymous_3)
FN:77,(anonymous_4)
FN:84,(anonymous_5)
FN:108,(anonymous_6)
FNF:7
FNH:0
FNDA:0,(anonymous_0)
FNDA:0,(anonymous_1)
FNDA:0,(anonymous_2)
FNDA:0,(anonymous_3)
FNDA:0,(anonymous_4)
FNDA:0,(anonymous_5)
FNDA:0,(anonymous_6)
DA:11,0
DA:20,0
DA:21,0
DA:22,0
DA:24,0
DA:27,0
DA:61,0
DA:62,0
DA:63,0
DA:66,0
DA:67,0
DA:69,0
DA:70,0
DA:73,0
DA:77,0
DA:78,0
DA:79,0
DA:80,0
DA:82,0
DA:84,0
DA:85,0
DA:86,0
DA:87,0
DA:88,0
DA:90,0
DA:98,0
DA:103,0
DA:104,0
DA:105,0
DA:107,0
DA:108,0
DA:109,0
DA:110,0
DA:114,0
DA:115,0
DA:118,0
DA:120,0
DA:122,0
DA:129,0
DA:130,0
DA:133,0
DA:135,0
DA:139,0
DA:140,0
DA:142,0
DA:146,0
LF:46
LH:0
BRDA:14,0,0,0
BRDA:16,1,0,0
BRDA:17,2,0,0
BRDA:21,3,0,0
BRDA:21,3,1,0
BRDA:21,4,0,0
BRDA:21,4,1,0
BRDA:31,5,0,0
BRDA:31,5,1,0
BRDA:33,6,0,0
BRDA:33,6,1,0
BRDA:37,7,0,0
BRDA:37,7,1,0
BRDA:46,8,0,0
BRDA:46,8,1,0
BRDA:69,9,0,0
BRDA:69,9,1,0
BRDA:103,10,0,0
BRDA:103,10,1,0
BRDA:103,11,0,0
BRDA:103,11,1,0
BRDA:107,12,0,0
BRDA:107,12,1,0
BRDA:114,13,0,0
BRDA:114,13,1,0
BRDA:135,14,0,0
BRDA:135,14,1,0
BRDA:150,15,0,0
BRDA:150,15,1,0
BRDA:151,16,0,0
BRDA:151,16,1,0
BRF:31
BRH:0
end_of_record
TN:
SF:components\features\calendar\views\EventCalendar.js
FN:10,(anonymous_0)
FN:17,EventCalendar
FN:25,(anonymous_2)
FN:30,(anonymous_3)
FN:55,(anonymous_4)
FN:72,(anonymous_5)
FN:85,(anonymous_6)
FN:269,(anonymous_7)
FN:279,(anonymous_8)
FN:287,(anonymous_9)
FN:289,(anonymous_10)
FN:364,(anonymous_11)
FN:365,(anonymous_12)
FN:456,(anonymous_13)
FN:488,(anonymous_14)
FNF:15
FNH:0
FNDA:0,(anonymous_0)
FNDA:0,EventCalendar
FNDA:0,(anonymous_2)
FNDA:0,(anonymous_3)
FNDA:0,(anonymous_4)
FNDA:0,(anonymous_5)
FNDA:0,(anonymous_6)
FNDA:0,(anonymous_7)
FNDA:0,(anonymous_8)
FNDA:0,(anonymous_9)
FNDA:0,(anonymous_10)
FNDA:0,(anonymous_11)
FNDA:0,(anonymous_12)
FNDA:0,(anonymous_13)
FNDA:0,(anonymous_14)
DA:10,0
DA:11,0
DA:12,0
DA:13,0
DA:14,0
DA:18,0
DA:19,0
DA:20,0
DA:21,0
DA:22,0
DA:25,0
DA:26,0
DA:30,0
DA:31,0
DA:32,0
DA:34,0
DA:36,0
DA:38,0
DA:41,0
DA:42,0
DA:43,0
DA:44,0
DA:45,0
DA:46,0
DA:48,0
DA:49,0
DA:50,0
DA:51,0
DA:55,0
DA:59,0
DA:62,0
DA:72,0
DA:74,0
DA:75,0
DA:78,0
DA:82,0
DA:85,0
DA:87,0
DA:89,0
DA:91,0
DA:94,0
DA:95,0
DA:101,0
DA:106,0
DA:109,0
DA:110,0
DA:112,0
DA:114,0
DA:115,0
DA:121,0
DA:123,0
DA:127,0
DA:129,0
DA:131,0
DA:135,0
DA:137,0
DA:139,0
DA:143,0
DA:147,0
DA:148,0
DA:153,0
DA:154,0
DA:155,0
DA:157,0
DA:158,0
DA:159,0
DA:160,0
DA:161,0
DA:163,0
DA:165,0
DA:166,0
DA:167,0
DA:168,0
DA:169,0
DA:171,0
DA:176,0
DA:177,0
DA:180,0
DA:182,0
DA:183,0
DA:185,0
DA:186,0
DA:187,0
DA:189,0
DA:190,0
DA:191,0
DA:196,0
DA:198,0
DA:199,0
DA:201,0
DA:202,0
DA:203,0
DA:205,0
DA:206,0
DA:207,0
DA:211,0
DA:253,0
DA:256,0
DA:257,0
DA:261,0
DA:262,0
DA:264,0
DA:269,0
DA:271,0
DA:272,0
DA:273,0
DA:274,0
DA:278,0
DA:279,0
DA:281,0
DA:287,0
DA:289,0
DA:291,0
DA:294,0
DA:295,0
DA:296,0
DA:297,0
DA:300,0
DA:309,0
DA:310,0
DA:317,0
DA:364,0
DA:367,0
DA:456,0
DA:460,0
DA:461,0
DA:464,0
DA:466,0
DA:468,0
DA:470,0
DA:475,0
DA:477,0
DA:479,0
DA:482,0
DA:488,0
DA:490,0
DA:491,0
DA:494,0
DA:496,0
DA:498,0
DA:500,0
DA:505,0
DA:507,0
DA:509,0
DA:512,0
LF:145
LH:0
BRDA:41,0,0,0
BRDA:41,0,1,0
BRDA:43,1,0,0
BRDA:43,1,1,0
BRDA:43,2,0,0
BRDA:43,2,1,0
BRDA:45,3,0,0
BRDA:45,3,1,0
BRDA:45,4,0,0
BRDA:45,4,1,0
BRDA:45,4,2,0
BRDA:65,5,0,0
BRDA:65,5,1,0
BRDA:74,6,0,0
BRDA:74,6,1,0
BRDA:74,6,2,0
BRDA:74,6,3,0
BRDA:75,7,0,0
BRDA:75,7,1,0
BRDA:75,7,2,0
BRDA:75,7,3,0
BRDA:87,8,0,0
BRDA:87,8,1,0
BRDA:87,8,2,0
BRDA:89,9,0,0
BRDA:89,9,1,0
BRDA:94,10,0,0
BRDA:94,10,1,0
BRDA:101,11,0,0
BRDA:101,11,1,0
BRDA:106,12,0,0
BRDA:106,12,1,0
BRDA:112,13,0,0
BRDA:112,13,1,0
BRDA:114,14,0,0
BRDA:114,14,1,0
BRDA:114,14,2,0
BRDA:121,15,0,0
BRDA:121,15,1,0
BRDA:121,16,0,0
BRDA:121,16,1,0
BRDA:125,17,0,0
BRDA:125,17,1,0
BRDA:129,18,0,0
BRDA:129,18,1,0
BRDA:129,19,0,0
BRDA:129,19,1,0
BRDA:133,20,0,0
BRDA:133,20,1,0
BRDA:137,21,0,0
BRDA:137,21,1,0
BRDA:137,22,0,0
BRDA:137,22,1,0
BRDA:141,23,0,0
BRDA:141,23,1,0
BRDA:157,24,0,0
BRDA:157,24,1,0
BRDA:158,25,0,0
BRDA:158,25,1,0
BRDA:159,26,0,0
BRDA:159,26,1,0
BRDA:159,26,2,0
BRDA:160,27,0,0
BRDA:160,27,1,0
BRDA:161,28,0,0
BRDA:161,28,1,0
BRDA:165,29,0,0
BRDA:165,29,1,0
BRDA:166,30,0,0
BRDA:166,30,1,0
BRDA:167,31,0,0
BRDA:167,31,1,0
BRDA:167,31,2,0
BRDA:168,32,0,0
BRDA:168,32,1,0
BRDA:169,33,0,0
BRDA:169,33,1,0
BRDA:180,34,0,0
BRDA:180,34,1,0
BRDA:183,35,0,0
BRDA:183,35,1,0
BRDA:187,36,0,0
BRDA:187,36,1,0
BRDA:190,37,0,0
BRDA:190,37,1,0
BRDA:196,38,0,0
BRDA:196,38,1,0
BRDA:199,39,0,0
BRDA:199,39,1,0
BRDA:203,40,0,0
BRDA:203,40,1,0
BRDA:212,41,0,0
BRDA:212,41,1,0
BRDA:213,42,0,0
BRDA:213,42,1,0
BRDA:213,42,2,0
BRDA:214,43,0,0
BRDA:214,43,1,0
BRDA:214,43,2,0
BRDA:219,44,0,0
BRDA:219,44,1,0
BRDA:220,45,0,0
BRDA:220,45,1,0
BRDA:220,45,2,0
BRDA:221,46,0,0
BRDA:221,46,1,0
BRDA:222,47,0,0
BRDA:222,47,1,0
BRDA:224,48,0,0
BRDA:224,48,1,0
BRDA:225,49,0,0
BRDA:225,49,1,0
BRDA:225,49,2,0
BRDA:225,49,3,0
BRDA:227,50,0,0
BRDA:227,50,1,0
BRDA:228,51,0,0
BRDA:228,51,1,0
BRDA:228,51,2,0
BRDA:231,52,0,0
BRDA:231,52,1,0
BRDA:231,53,0,0
BRDA:231,53,1,0
BRDA:231,53,2,0
BRDA:231,54,0,0
BRDA:231,54,1,0
BRDA:231,54,2,0
BRDA:233,55,0,0
BRDA:233,55,1,0
BRDA:235,56,0,0
BRDA:235,56,1,0
BRDA:241,57,0,0
BRDA:241,57,1,0
BRDA:241,57,2,0
BRDA:242,58,0,0
BRDA:242,58,1,0
BRDA:243,59,0,0
BRDA:243,59,1,0
BRDA:244,60,0,0
BRDA:244,60,1,0
BRDA:244,60,2,0
BRDA:245,61,0,0
BRDA:245,61,1,0
BRDA:245,61,2,0
BRDA:246,62,0,0
BRDA:246,62,1,0
BRDA:246,62,2,0
BRDA:256,63,0,0
BRDA:256,63,1,0
BRDA:257,64,0,0
BRDA:257,64,1,0
BRDA:274,65,0,0
BRDA:274,65,1,0
BRDA:281,66,0,0
BRDA:281,66,1,0
BRDA:287,67,0,0
BRDA:287,67,1,0
BRDA:287,67,2,0
BRDA:289,68,0,0
BRDA:289,68,1,0
BRDA:294,69,0,0
BRDA:294,69,1,0
BRDA:296,70,0,0
BRDA:296,70,1,0
BRDA:309,71,0,0
BRDA:309,71,1,0
BRDA:309,72,0,0
BRDA:309,72,1,0
BRDA:319,73,0,0
BRDA:319,73,1,0
BRDA:324,74,0,0
BRDA:324,74,1,0
BRDA:346,75,0,0
BRDA:346,75,1,0
BRDA:351,76,0,0
BRDA:351,76,1,0
BRDA:361,77,0,0
BRDA:361,77,1,0
BRDA:362,78,0,0
BRDA:362,78,1,0
BRDA:363,79,0,0
BRDA:363,79,1,0
BRDA:364,80,0,0
BRDA:364,80,1,0
BRDA:372,81,0,0
BRDA:372,81,1,0
BRDA:372,82,0,0
BRDA:372,82,1,0
BRDA:372,82,2,0
BRDA:379,83,0,0
BRDA:379,83,1,0
BRDA:393,84,0,0
BRDA:393,84,1,0
BRDA:393,85,0,0
BRDA:393,85,1,0
BRDA:395,86,0,0
BRDA:395,86,1,0
BRDA:404,87,0,0
BRDA:404,87,1,0
BRDA:411,88,0,0
BRDA:411,88,1,0
BRDA:417,89,0,0
BRDA:417,89,1,0
BRDA:417,89,2,0
BRDA:417,89,3,0
BRDA:417,89,4,0
BRDA:417,89,5,0
BRDA:417,89,6,0
BRDA:417,89,7,0
BRDA:431,90,0,0
BRDA:431,90,1,0
BRDA:431,90,2,0
BRDA:439,91,0,0
BRDA:439,91,1,0
BRDA:440,92,0,0
BRDA:440,92,1,0
BRDA:440,92,2,0
BRDA:440,92,3,0
BRDA:460,93,0,0
BRDA:460,93,1,0
BRDA:461,94,0,0
BRDA:461,94,1,0
BRDA:461,94,2,0
BRDA:461,94,3,0
BRDA:461,94,4,0
BRDA:475,95,0,0
BRDA:475,95,1,0
BRDA:475,95,2,0
BRDA:475,95,3,0
BRDA:490,96,0,0
BRDA:490,96,1,0
BRDA:491,97,0,0
BRDA:491,97,1,0
BRDA:491,97,2,0
BRDA:491,97,3,0
BRDA:491,97,4,0
BRDA:505,98,0,0
BRDA:505,98,1,0
BRDA:505,98,2,0
BRDA:505,98,3,0
BRF:240
BRH:0
end_of_record
TN:
SF:components\features\dashboard\HomeScreen\HomeScreen.js
FN:39,(anonymous_0)
FN:44,(anonymous_1)
FN:66,(anonymous_2)
FN:149,(anonymous_3)
FNF:4
FNH:0
FNDA:0,(anonymous_0)
FNDA:0,(anonymous_1)
FNDA:0,(anonymous_2)
FNDA:0,(anonymous_3)
DA:13,0
DA:36,0
DA:37,0
DA:39,0
DA:40,0
DA:41,0
DA:42,0
DA:44,0
DA:45,0
DA:46,0
DA:48,0
DA:56,0
DA:61,0
DA:62,0
DA:63,0
DA:65,0
DA:66,0
DA:67,0
DA:68,0
DA:72,0
DA:73,0
DA:80,0
DA:82,0
DA:89,0
DA:90,0
DA:91,0
DA:95,0
DA:96,0
DA:98,0
DA:102,0
DA:150,0
LF:31
LH:0
BRDA:61,0,0,0
BRDA:61,0,1,0
BRDA:61,1,0,0
BRDA:61,1,1,0
BRDA:65,2,0,0
BRDA:65,2,1,0
BRDA:72,3,0,0
BRDA:72,3,1,0
BRDA:91,4,0,0
BRDA:91,4,1,0
BRDA:103,5,0,0
BRDA:103,5,1,0
BRDA:124,6,0,0
BRDA:124,6,1,0
BRDA:128,7,0,0
BRDA:128,7,1,0
BRDA:223,8,0,0
BRDA:223,8,1,0
BRDA:231,9,0,0
BRDA:231,9,1,0
BRF:20
BRH:0
end_of_record
TN:
SF:components\features\dashboard\admin\elements\AdminHeader.js
FN:5,(anonymous_0)
FNF:1
FNH:0
FNDA:0,(anonymous_0)
DA:5,0
DA:6,0
LF:2
LH:0
BRF:0
BRH:0
end_of_record
TN:
SF:components\features\dashboard\admin\elements\AdminOptionCard.js
FN:6,(anonymous_0)
FN:7,(anonymous_1)
FNF:2
FNH:0
FNDA:0,(anonymous_0)
FNDA:0,(anonymous_1)
DA:6,0
DA:7,0
DA:8,0
DA:9,0
DA:10,0
DA:12,0
DA:17,0
DA:20,0
DA:24,0
LF:9
LH:0
BRDA:8,0,0,0
BRDA:8,0,1,0
BRDA:8,1,0,0
BRDA:8,1,1,0
BRDA:20,2,0,0
BRDA:20,2,1,0
BRF:6
BRH:0
end_of_record
TN:
SF:components\features\dashboard\admin\elements\AdminOptionsContainer.js
FN:6,(anonymous_0)
FNF:1
FNH:0
FNDA:0,(anonymous_0)
DA:6,0
DA:7,0
LF:2
LH:0
BRF:0
BRH:0
end_of_record
TN:
SF:components\features\dashboard\admin\elements\AdminWelcomeMessage.js
FN:6,(anonymous_0)
FNF:1
FNH:0
FNDA:0,(anonymous_0)
DA:6,0
DA:7,0
LF:2
LH:0
BRDA:12,0,0,0
BRDA:12,0,1,0
BRF:2
BRH:0
end_of_record
TN:
SF:components\features\dashboard\admin\views\DashboardAdmin.js
FN:10,(anonymous_0)
FN:14,(anonymous_1)
FNF:2
FNH:0
FNDA:0,(anonymous_0)
FNDA:0,(anonymous_1)
DA:10,0
DA:11,0
DA:12,0
DA:14,0
DA:15,0
DA:16,0
DA:19,0
LF:7
LH:0
BRDA:20,0,0,0
BRDA:20,0,1,0
BRF:2
BRH:0
end_of_record
TN:
SF:components\features\dashboard\artist\elements\ArtistHeader.js
FN:5,(anonymous_0)
FNF:1
FNH:0
FNDA:0,(anonymous_0)
DA:5,0
DA:6,0
LF:2
LH:0
BRF:0
BRH:0
end_of_record
TN:
SF:components\features\dashboard\artist\elements\ArtistOptionCard.js
FN:6,(anonymous_0)
FN:7,(anonymous_1)
FNF:2
FNH:0
FNDA:0,(anonymous_0)
FNDA:0,(anonymous_1)
DA:6,0
DA:7,0
DA:8,0
DA:9,0
DA:10,0
DA:12,0
DA:17,0
DA:20,0
DA:24,0
LF:9
LH:0
BRDA:8,0,0,0
BRDA:8,0,1,0
BRDA:8,1,0,0
BRDA:8,1,1,0
BRDA:20,2,0,0
BRDA:20,2,1,0
BRDA:29,3,0,0
BRDA:29,3,1,0
BRF:8
BRH:0
end_of_record
TN:
SF:components\features\dashboard\artist\elements\ArtistOptionsContainer.js
FN:6,(anonymous_0)
FNF:1
FNH:0
FNDA:0,(anonymous_0)
DA:6,0
DA:7,0
LF:2
LH:0
BRF:0
BRH:0
end_of_record
TN:
SF:components\features\dashboard\artist\services\ArtistDashboardService.js
FN:6,(anonymous_0)
FNF:1
FNH:0
FNDA:0,(anonymous_0)
DA:4,0
DA:7,0
DA:8,0
DA:9,0
DA:10,0
DA:12,0
DA:14,0
DA:16,0
DA:18,0
DA:19,0
LF:10
LH:0
BRDA:9,0,0,0
BRDA:9,0,1,0
BRDA:14,1,0,0
BRDA:14,1,1,0
BRDA:19,2,0,0
BRDA:19,2,1,0
BRF:6
BRH:0
end_of_record
TN:
SF:components\features\dashboard\artist\views\DashboardArtist.js
FN:13,(anonymous_0)
FN:23,(anonymous_1)
FN:27,(anonymous_2)
FN:44,(anonymous_3)
FN:69,(anonymous_4)
FN:70,(anonymous_5)
FN:71,(anonymous_6)
FN:79,(anonymous_7)
FN:81,(anonymous_8)
FN:87,(anonymous_9)
FN:93,(anonymous_10)
FNF:11
FNH:0
FNDA:0,(anonymous_0)
FNDA:0,(anonymous_1)
FNDA:0,(anonymous_2)
FNDA:0,(anonymous_3)
FNDA:0,(anonymous_4)
FNDA:0,(anonymous_5)
FNDA:0,(anonymous_6)
FNDA:0,(anonymous_7)
FNDA:0,(anonymous_8)
FNDA:0,(anonymous_9)
FNDA:0,(anonymous_10)
DA:13,0
DA:14,0
DA:15,0
DA:16,0
DA:17,0
DA:18,0
DA:19,0
DA:20,0
DA:21,0
DA:23,0
DA:24,0
DA:27,0
DA:28,0
DA:30,0
DA:32,0
DA:33,0
DA:34,0
DA:35,0
DA:37,0
DA:39,0
DA:40,0
DA:44,0
DA:45,0
DA:46,0
DA:49,0
DA:50,0
DA:57,0
DA:69,0
DA:70,0
DA:71,0
DA:79,0
DA:81,0
DA:87,0
DA:93,0
LF:34
LH:0
BRDA:28,0,0,0
BRDA:28,0,1,0
BRDA:28,1,0,0
BRDA:28,1,1,0
BRDA:32,2,0,0
BRDA:32,2,1,0
BRDA:35,3,0,0
BRDA:35,3,1,0
BRDA:49,4,0,0
BRDA:49,4,1,0
BRDA:63,5,0,0
BRDA:63,5,1,0
BRF:12
BRH:0
end_of_record
TN:
SF:components\features\dashboard\manager\elements\ManagerHeader.js
FN:5,(anonymous_0)
FNF:1
FNH:0
FNDA:0,(anonymous_0)
DA:5,0
DA:6,0
LF:2
LH:0
BRF:0
BRH:0
end_of_record
TN:
SF:components\features\dashboard\manager\elements\ManagerOptionCard.js
FN:6,(anonymous_0)
FN:7,(anonymous_1)
FNF:2
FNH:0
FNDA:0,(anonymous_0)
FNDA:0,(anonymous_1)
DA:6,0
DA:7,0
DA:8,0
DA:9,0
DA:10,0
DA:12,0
DA:17,0
DA:20,0
DA:24,0
LF:9
LH:0
BRDA:8,0,0,0
BRDA:8,0,1,0
BRDA:8,1,0,0
BRDA:8,1,1,0
BRDA:20,2,0,0
BRDA:20,2,1,0
BRDA:29,3,0,0
BRDA:29,3,1,0
BRF:8
BRH:0
end_of_record
TN:
SF:components\features\dashboard\manager\elements\ManagerOptionsContainer.js
FN:7,(anonymous_0)
FN:94,(anonymous_1)
FNF:2
FNH:0
FNDA:0,(anonymous_0)
FNDA:0,(anonymous_1)
DA:7,0
DA:8,0
DA:95,0
DA:96,0
LF:4
LH:0
BRDA:18,0,0,0
BRDA:18,0,1,0
BRDA:58,1,0,0
BRDA:58,1,1,0
BRDA:59,2,0,0
BRDA:59,2,1,0
BRDA:59,2,2,0
BRDA:60,3,0,0
BRDA:60,3,1,0
BRDA:60,3,2,0
BRDA:73,4,0,0
BRDA:73,4,1,0
BRDA:74,5,0,0
BRDA:74,5,1,0
BRDA:74,5,2,0
BRDA:75,6,0,0
BRDA:75,6,1,0
BRDA:75,6,2,0
BRDA:95,7,0,0
BRDA:95,7,1,0
BRDA:97,8,0,0
BRDA:97,8,1,0
BRF:22
BRH:0
end_of_record
TN:
SF:components\features\dashboard\manager\services\ManagerDashboardService.js
FN:6,(anonymous_0)
FNF:1
FNH:0
FNDA:0,(anonymous_0)
DA:4,0
DA:7,0
DA:8,0
DA:9,0
DA:10,0
DA:12,0
DA:14,0
DA:16,0
DA:18,0
DA:19,0
LF:10
LH:0
BRDA:9,0,0,0
BRDA:9,0,1,0
BRDA:14,1,0,0
BRDA:14,1,1,0
BRDA:19,2,0,0
BRDA:19,2,1,0
BRF:6
BRH:0
end_of_record
TN:
SF:components\features\dashboard\manager\views\DashboardManager.js
FN:12,(anonymous_0)
FN:21,(anonymous_1)
FN:25,(anonymous_2)
FN:45,(anonymous_3)
FN:72,(anonymous_4)
FN:80,(anonymous_5)
FN:86,(anonymous_6)
FNF:7
FNH:0
FNDA:0,(anonymous_0)
FNDA:0,(anonymous_1)
FNDA:0,(anonymous_2)
FNDA:0,(anonymous_3)
FNDA:0,(anonymous_4)
FNDA:0,(anonymous_5)
FNDA:0,(anonymous_6)
DA:12,0
DA:13,0
DA:14,0
DA:15,0
DA:16,0
DA:17,0
DA:18,0
DA:19,0
DA:21,0
DA:22,0
DA:25,0
DA:26,0
DA:27,0
DA:28,0
DA:31,0
DA:33,0
DA:34,0
DA:35,0
DA:36,0
DA:38,0
DA:40,0
DA:41,0
DA:45,0
DA:46,0
DA:47,0
DA:50,0
DA:51,0
DA:58,0
DA:72,0
DA:80,0
DA:86,0
LF:31
LH:0
BRDA:26,0,0,0
BRDA:26,0,1,0
BRDA:26,1,0,0
BRDA:26,1,1,0
BRDA:33,2,0,0
BRDA:33,2,1,0
BRDA:36,3,0,0
BRDA:36,3,1,0
BRDA:50,4,0,0
BRDA:50,4,1,0
BRDA:64,5,0,0
BRDA:64,5,1,0
BRF:12
BRH:0
end_of_record
TN:
SF:components\features\dashboard\user\elements\UserHeader.js
FN:6,(anonymous_0)
FNF:1
FNH:0
FNDA:0,(anonymous_0)
DA:6,0
DA:7,0
LF:2
LH:0
BRF:0
BRH:0
end_of_record
TN:
SF:components\features\dashboard\user\elements\UserOptionCard.js
FN:6,(anonymous_0)
FN:7,(anonymous_1)
FNF:2
FNH:0
FNDA:0,(anonymous_0)
FNDA:0,(anonymous_1)
DA:6,0
DA:7,0
DA:8,0
DA:9,0
DA:10,0
DA:12,0
DA:17,0
DA:20,0
DA:24,0
LF:9
LH:0
BRDA:8,0,0,0
BRDA:8,0,1,0
BRDA:8,1,0,0
BRDA:8,1,1,0
BRDA:10,2,0,0
BRDA:10,2,1,0
BRDA:20,3,0,0
BRDA:20,3,1,0
BRDA:29,4,0,0
BRDA:29,4,1,0
BRF:10
BRH:0
end_of_record
TN:
SF:components\features\dashboard\user\elements\UserOptionsContainer.js
FN:7,(anonymous_0)
FN:21,(anonymous_1)
FN:30,(anonymous_2)
FN:39,(anonymous_3)
FNF:4
FNH:0
FNDA:0,(anonymous_0)
FNDA:0,(anonymous_1)
FNDA:0,(anonymous_2)
FNDA:0,(anonymous_3)
DA:7,0
DA:16,0
DA:17,0
DA:21,0
DA:30,0
DA:39,0
LF:6
LH:0
BRDA:14,0,0,0
BRDA:52,1,0,0
BRDA:52,1,1,0
BRDA:73,2,0,0
BRDA:73,2,1,0
BRDA:73,2,2,0
BRF:6
BRH:0
end_of_record
TN:
SF:components\features\dashboard\user\elements\UserWelcome.js
FN:6,(anonymous_0)
FNF:1
FNH:0
FNDA:0,(anonymous_0)
DA:6,0
DA:7,0
LF:2
LH:0
BRDA:11,0,0,0
BRDA:11,0,1,0
BRF:2
BRH:0
end_of_record
TN:
SF:components\features\dashboard\user\services\UserDashboardService.js
FN:6,(anonymous_0)
FN:20,(anonymous_1)
FN:34,(anonymous_2)
FNF:3
FNH:0
FNDA:0,(anonymous_0)
FNDA:0,(anonymous_1)
FNDA:0,(anonymous_2)
DA:4,0
DA:7,0
DA:8,0
DA:9,0
DA:12,0
DA:13,0
DA:15,0
DA:21,0
DA:22,0
DA:23,0
DA:25,0
DA:26,0
DA:28,0
DA:35,0
DA:36,0
DA:37,0
DA:40,0
DA:41,0
DA:42,0
DA:43,0
DA:45,0
DA:46,0
DA:47,0
DA:49,0
DA:50,0
DA:52,0
DA:53,0
DA:56,0
DA:57,0
LF:29
LH:0
BRDA:9,0,0,0
BRDA:9,0,1,0
BRDA:12,1,0,0
BRDA:12,1,1,0
BRDA:23,2,0,0
BRDA:23,2,1,0
BRDA:25,3,0,0
BRDA:25,3,1,0
BRDA:40,4,0,0
BRDA:40,4,1,0
BRDA:40,5,0,0
BRDA:40,5,1,0
BRDA:40,5,2,0
BRDA:43,6,0,0
BRDA:43,6,1,0
BRDA:43,7,0,0
BRDA:43,7,1,0
BRDA:47,8,0,0
BRDA:47,8,1,0
BRDA:47,9,0,0
BRDA:47,9,1,0
BRF:21
BRH:0
end_of_record
TN:
SF:components\features\dashboard\user\views\DashboardUser.js
FN:21,(anonymous_0)
FN:33,(anonymous_1)
FN:38,(anonymous_2)
FN:47,(anonymous_3)
FN:48,(anonymous_4)
FN:50,(anonymous_5)
FN:71,(anonymous_6)
FN:80,(anonymous_7)
FN:90,(anonymous_8)
FN:100,(anonymous_9)
FN:110,(anonymous_10)
FN:122,(anonymous_11)
FN:142,(anonymous_12)
FN:154,(anonymous_13)
FN:173,(anonymous_14)
FN:181,(anonymous_15)
FN:187,(anonymous_16)
FN:192,(anonymous_17)
FN:197,(anonymous_18)
FN:206,(anonymous_19)
FN:214,(anonymous_20)
FN:214,(anonymous_21)
FN:232,(anonymous_22)
FN:277,(anonymous_23)
FN:278,(anonymous_24)
FN:279,(anonymous_25)
FN:280,(anonymous_26)
FN:292,(anonymous_27)
FN:295,(anonymous_28)
FN:305,(anonymous_29)
FN:308,(anonymous_30)
FN:317,(anonymous_31)
FN:326,(anonymous_32)
FN:336,(anonymous_33)
FNF:34
FNH:0
FNDA:0,(anonymous_0)
FNDA:0,(anonymous_1)
FNDA:0,(anonymous_2)
FNDA:0,(anonymous_3)
FNDA:0,(anonymous_4)
FNDA:0,(anonymous_5)
FNDA:0,(anonymous_6)
FNDA:0,(anonymous_7)
FNDA:0,(anonymous_8)
FNDA:0,(anonymous_9)
FNDA:0,(anonymous_10)
FNDA:0,(anonymous_11)
FNDA:0,(anonymous_12)
FNDA:0,(anonymous_13)
FNDA:0,(anonymous_14)
FNDA:0,(anonymous_15)
FNDA:0,(anonymous_16)
FNDA:0,(anonymous_17)
FNDA:0,(anonymous_18)
FNDA:0,(anonymous_19)
FNDA:0,(anonymous_20)
FNDA:0,(anonymous_21)
FNDA:0,(anonymous_22)
FNDA:0,(anonymous_23)
FNDA:0,(anonymous_24)
FNDA:0,(anonymous_25)
FNDA:0,(anonymous_26)
FNDA:0,(anonymous_27)
FNDA:0,(anonymous_28)
FNDA:0,(anonymous_29)
FNDA:0,(anonymous_30)
FNDA:0,(anonymous_31)
FNDA:0,(anonymous_32)
FNDA:0,(anonymous_33)
DA:21,0
DA:22,0
DA:23,0
DA:24,0
DA:25,0
DA:26,0
DA:27,0
DA:28,0
DA:29,0
DA:30,0
DA:31,0
DA:33,0
DA:34,0
DA:35,0
DA:38,0
DA:39,0
DA:40,0
DA:41,0
DA:42,0
DA:47,0
DA:48,0
DA:50,0
DA:52,0
DA:54,0
DA:55,0
DA:56,0
DA:60,0
DA:64,0
DA:68,0
DA:71,0
DA:72,0
DA:73,0
DA:74,0
DA:75,0
DA:80,0
DA:81,0
DA:83,0
DA:84,0
DA:85,0
DA:90,0
DA:91,0
DA:93,0
DA:94,0
DA:95,0
DA:100,0
DA:101,0
DA:103,0
DA:104,0
DA:105,0
DA:110,0
DA:111,0
DA:123,0
DA:124,0
DA:125,0
DA:126,0
DA:127,0
DA:129,0
DA:132,0
DA:133,0
DA:142,0
DA:143,0
DA:155,0
DA:156,0
DA:157,0
DA:158,0
DA:159,0
DA:161,0
DA:164,0
DA:165,0
DA:173,0
DA:174,0
DA:175,0
DA:177,0
DA:181,0
DA:182,0
DA:183,0
DA:187,0
DA:188,0
DA:192,0
DA:193,0
DA:197,0
DA:198,0
DA:199,0
DA:202,0
DA:206,0
DA:207,0
DA:208,0
DA:210,0
DA:211,0
DA:214,0
DA:216,0
DA:221,0
DA:223,0
DA:232,0
DA:277,0
DA:278,0
DA:279,0
DA:280,0
DA:292,0
DA:295,0
DA:305,0
DA:308,0
DA:317,0
DA:326,0
DA:336,0
LF:105
LH:0
BRDA:39,0,0,0
BRDA:39,0,1,0
BRDA:52,1,0,0
BRDA:52,1,1,0
BRDA:54,2,0,0
BRDA:54,2,1,0
BRDA:72,3,0,0
BRDA:72,3,1,0
BRDA:81,4,0,0
BRDA:81,4,1,0
BRDA:84,5,0,0
BRDA:84,5,1,0
BRDA:91,6,0,0
BRDA:91,6,1,0
BRDA:94,7,0,0
BRDA:94,7,1,0
BRDA:101,8,0,0
BRDA:101,8,1,0
BRDA:104,9,0,0
BRDA:104,9,1,0
BRDA:125,10,0,0
BRDA:125,10,1,0
BRDA:125,11,0,0
BRDA:125,11,1,0
BRDA:157,12,0,0
BRDA:157,12,1,0
BRDA:157,13,0,0
BRDA:157,13,1,0
BRDA:198,14,0,0
BRDA:198,14,1,0
BRDA:206,15,0,0
BRDA:210,16,0,0
BRDA:210,16,1,0
BRDA:221,17,0,0
BRDA:221,17,1,0
BRDA:221,18,0,0
BRDA:221,18,1,0
BRDA:229,19,0,0
BRDA:229,19,1,0
BRDA:237,20,0,0
BRDA:237,20,1,0
BRDA:256,21,0,0
BRDA:256,21,1,0
BRDA:314,22,0,0
BRDA:314,22,1,0
BRDA:341,23,0,0
BRDA:341,23,1,0
BRF:47
BRH:0
end_of_record
TN:
SF:components\features\events\hooks\useCategories.js
FN:8,(anonymous_0)
FN:15,(anonymous_1)
FN:16,(anonymous_2)
FNF:3
FNH:0
FNDA:0,(anonymous_0)
FNDA:0,(anonymous_1)
FNDA:0,(anonymous_2)
DA:8,0
DA:10,0
DA:11,0
DA:12,0
DA:15,0
DA:16,0
DA:17,0
DA:18,0
DA:19,0
DA:20,0
DA:22,0
DA:23,0
DA:25,0
DA:29,0
DA:32,0
LF:15
LH:0
BRF:0
BRH:0
end_of_record
TN:
SF:components\features\events\hooks\useEvents.js
FN:11,(anonymous_0)
FN:26,(anonymous_1)
FN:82,(anonymous_2)
FN:102,(anonymous_3)
FN:114,(anonymous_4)
FN:145,(anonymous_5)
FN:152,(anonymous_6)
FN:157,(anonymous_7)
FN:163,(anonymous_8)
FN:169,(anonymous_9)
FNF:10
FNH:0
FNDA:0,(anonymous_0)
FNDA:0,(anonymous_1)
FNDA:0,(anonymous_2)
FNDA:0,(anonymous_3)
FNDA:0,(anonymous_4)
FNDA:0,(anonymous_5)
FNDA:0,(anonymous_6)
FNDA:0,(anonymous_7)
FNDA:0,(anonymous_8)
FNDA:0,(anonymous_9)
DA:11,0
DA:13,0
DA:14,0
DA:15,0
DA:18,0
DA:19,0
DA:20,0
DA:21,0
DA:22,0
DA:23,0
DA:26,0
DA:27,0
DA:28,0
DA:29,0
DA:38,0
DA:40,0
DA:41,0
DA:44,0
DA:46,0
DA:47,0
DA:48,0
DA:49,0
DA:52,0
DA:54,0
DA:55,0
DA:56,0
DA:57,0
DA:60,0
DA:61,0
DA:64,0
DA:65,0
DA:67,0
DA:70,0
DA:71,0
DA:72,0
DA:73,0
DA:74,0
DA:75,0
DA:77,0
DA:78,0
DA:82,0
DA:84,0
DA:85,0
DA:88,0
DA:91,0
DA:93,0
DA:96,0
DA:97,0
DA:100,0
DA:101,0
DA:102,0
DA:103,0
DA:108,0
DA:109,0
DA:114,0
DA:115,0
DA:116,0
DA:119,0
DA:120,0
DA:125,0
DA:130,0
DA:131,0
DA:134,0
DA:136,0
DA:137,0
DA:139,0
DA:140,0
DA:145,0
DA:146,0
DA:147,0
DA:152,0
DA:153,0
DA:157,0
DA:158,0
DA:159,0
DA:163,0
DA:164,0
DA:165,0
DA:169,0
DA:170,0
DA:171,0
DA:172,0
DA:173,0
DA:174,0
DA:177,0
LF:85
LH:0
BRDA:19,0,0,0
BRDA:19,0,1,0
BRDA:32,1,0,0
BRDA:32,1,1,0
BRDA:33,2,0,0
BRDA:33,2,1,0
BRDA:40,3,0,0
BRDA:40,3,1,0
BRDA:44,4,0,0
BRDA:44,4,1,0
BRDA:52,5,0,0
BRDA:52,5,1,0
BRDA:60,6,0,0
BRDA:60,6,1,0
BRDA:70,7,0,0
BRDA:70,7,1,0
BRDA:73,8,0,0
BRDA:73,8,1,0
BRDA:73,9,0,0
BRDA:73,9,1,0
BRDA:84,10,0,0
BRDA:84,10,1,0
BRDA:84,10,2,0
BRDA:84,10,3,0
BRDA:85,11,0,0
BRDA:85,11,1,0
BRDA:85,11,2,0
BRDA:85,11,3,0
BRDA:96,12,0,0
BRDA:96,12,1,0
BRDA:101,13,0,0
BRDA:101,13,1,0
BRDA:101,14,0,0
BRDA:101,14,1,0
BRDA:101,14,2,0
BRDA:103,15,0,0
BRDA:103,15,1,0
BRDA:103,15,2,0
BRDA:103,15,3,0
BRDA:108,16,0,0
BRDA:108,16,1,0
BRDA:115,17,0,0
BRDA:115,17,1,0
BRDA:116,18,0,0
BRDA:116,18,1,0
BRDA:119,19,0,0
BRDA:119,19,1,0
BRDA:120,20,0,0
BRDA:120,20,1,0
BRDA:120,20,2,0
BRDA:125,21,0,0
BRDA:125,21,1,0
BRDA:146,22,0,0
BRDA:146,22,1,0
BRDA:146,23,0,0
BRDA:146,23,1,0
BRF:56
BRH:0
end_of_record
TN:
SF:components\features\events\hooks\useFavorites.js
FN:8,(anonymous_0)
FN:14,(anonymous_1)
FN:15,(anonymous_2)
FN:31,(anonymous_3)
FN:46,(anonymous_4)
FN:65,(anonymous_5)
FN:65,(anonymous_6)
FN:69,(anonymous_7)
FN:96,(anonymous_8)
FN:99,(anonymous_9)
FN:99,(anonymous_10)
FNF:11
FNH:0
FNDA:0,(anonymous_0)
FNDA:0,(anonymous_1)
FNDA:0,(anonymous_2)
FNDA:0,(anonymous_3)
FNDA:0,(anonymous_4)
FNDA:0,(anonymous_5)
FNDA:0,(anonymous_6)
FNDA:0,(anonymous_7)
FNDA:0,(anonymous_8)
FNDA:0,(anonymous_9)
FNDA:0,(anonymous_10)
DA:8,0
DA:10,0
DA:11,0
DA:14,0
DA:15,0
DA:16,0
DA:18,0
DA:19,0
DA:20,0
DA:22,0
DA:29,0
DA:31,0
DA:32,0
DA:33,0
DA:36,0
DA:38,0
DA:42,0
DA:46,0
DA:47,0
DA:48,0
DA:49,0
DA:50,0
DA:53,0
DA:54,0
DA:56,0
DA:57,0
DA:59,0
DA:62,0
DA:64,0
DA:65,0
DA:68,0
DA:69,0
DA:72,0
DA:73,0
DA:75,0
DA:84,0
DA:92,0
DA:94,0
DA:96,0
DA:99,0
DA:103,0
DA:107,0
LF:42
LH:0
BRDA:16,0,0,0
BRDA:16,0,1,0
BRDA:20,1,0,0
BRDA:20,1,1,0
BRDA:20,1,2,0
BRDA:29,2,0,0
BRDA:29,2,1,0
BRDA:48,3,0,0
BRDA:48,3,1,0
BRDA:56,4,0,0
BRDA:56,4,1,0
BRDA:56,4,2,0
BRDA:57,5,0,0
BRDA:57,5,1,0
BRDA:62,6,0,0
BRDA:62,6,1,0
BRDA:73,7,0,0
BRDA:73,7,1,0
BRDA:94,8,0,0
BRDA:94,8,1,0
BRF:20
BRH:0
end_of_record
TN:
SF:components\features\events\sections\AdditionalInfoSection.js
FN:5,(anonymous_0)
FNF:1
FNH:0
FNDA:0,(anonymous_0)
DA:5,0
DA:13,0
LF:2
LH:0
BRF:0
BRH:0
end_of_record
TN:
SF:components\features\events\sections\AvailabilitySection.js
FN:6,(anonymous_0)
FNF:1
FNH:0
FNDA:0,(anonymous_0)
DA:6,0
DA:14,0
LF:2
LH:0
BRDA:18,0,0,0
BRDA:18,0,1,0
BRDA:31,1,0,0
BRDA:31,1,1,0
BRF:4
BRH:0
end_of_record
TN:
SF:components\features\events\sections\CategorySection.js
FN:8,(anonymous_0)
FN:29,(anonymous_1)
FN:44,(anonymous_2)
FN:70,(anonymous_3)
FN:80,(anonymous_4)
FNF:5
FNH:0
FNDA:0,(anonymous_0)
FNDA:0,(anonymous_1)
FNDA:0,(anonymous_2)
FNDA:0,(anonymous_3)
FNDA:0,(anonymous_4)
DA:8,0
DA:15,0
DA:16,0
DA:24,0
DA:25,0
DA:29,0
DA:31,0
DA:32,0
DA:35,0
DA:37,0
DA:44,0
DA:56,0
DA:70,0
DA:80,0
LF:14
LH:0
BRDA:15,0,0,0
BRDA:15,0,1,0
BRDA:24,1,0,0
BRDA:24,1,1,0
BRDA:24,2,0,0
BRDA:24,2,1,0
BRDA:31,3,0,0
BRDA:31,3,1,0
BRDA:31,3,2,0
BRDA:32,4,0,0
BRDA:32,4,1,0
BRDA:39,5,0,0
BRDA:39,5,1,0
BRDA:42,6,0,0
BRDA:42,6,1,0
BRDA:48,7,0,0
BRDA:48,7,1,0
BRDA:68,8,0,0
BRDA:68,8,1,0
BRDA:74,9,0,0
BRDA:74,9,1,0
BRF:21
BRH:0
end_of_record
TN:
SF:components\features\events\sections\EventCategorySection.js
FN:6,(anonymous_0)
FNF:1
FNH:0
FNDA:0,(anonymous_0)
DA:6,0
DA:12,0
LF:2
LH:0
BRF:0
BRH:0
end_of_record
TN:
SF:components\features\events\sections\EventDateSection.js
FN:7,(anonymous_0)
FN:18,(anonymous_1)
FN:36,(anonymous_2)
FNF:3
FNH:0
FNDA:0,(anonymous_0)
FNDA:0,(anonymous_1)
FNDA:0,(anonymous_2)
DA:7,0
DA:13,0
DA:18,0
DA:37,0
DA:38,0
DA:39,0
LF:6
LH:0
BRDA:31,0,0,0
BRDA:31,0,1,0
BRDA:38,1,0,0
BRDA:38,1,1,0
BRF:4
BRH:0
end_of_record
TN:
SF:components\features\events\sections\EventDetailsSection.js
FN:5,(anonymous_0)
FNF:1
FNH:0
FNDA:0,(anonymous_0)
DA:5,0
DA:12,0
LF:2
LH:0
BRF:0
BRH:0
end_of_record
TN:
SF:components\features\events\sections\EventListSection.js
FN:9,(anonymous_0)
FN:41,(anonymous_1)
FN:49,(anonymous_2)
FNF:3
FNH:0
FNDA:0,(anonymous_0)
FNDA:0,(anonymous_1)
FNDA:0,(anonymous_2)
DA:9,0
DA:19,0
DA:20,0
DA:28,0
DA:29,0
DA:36,0
DA:42,0
DA:49,0
LF:8
LH:0
BRDA:19,0,0,0
BRDA:19,0,1,0
BRDA:19,1,0,0
BRDA:19,1,1,0
BRDA:19,1,2,0
BRDA:19,1,3,0
BRDA:28,2,0,0
BRDA:28,2,1,0
BRDA:28,3,0,0
BRDA:28,3,1,0
BRDA:28,3,2,0
BRDA:45,4,0,0
BRDA:45,4,1,0
BRDA:45,5,0,0
BRDA:45,5,1,0
BRDA:49,6,0,0
BRDA:49,6,1,0
BRDA:55,7,0,0
BRDA:55,7,1,0
BRF:19
BRH:0
end_of_record
TN:
SF:components\features\events\services\EventAttendanceService.js
FN:9,(anonymous_0)
FN:28,(anonymous_1)
FNF:2
FNH:0
FNDA:0,(anonymous_0)
FNDA:0,(anonymous_1)
DA:9,0
DA:10,0
DA:11,0
DA:13,0
DA:14,0
DA:16,0
DA:18,0
DA:19,0
DA:28,0
DA:29,0
DA:31,0
DA:32,0
DA:33,0
DA:41,0
DA:42,0
LF:15
LH:0
BRDA:13,0,0,0
BRDA:13,0,1,0
BRDA:13,1,0,0
BRDA:13,1,1,0
BRDA:29,2,0,0
BRDA:29,2,1,0
BRF:6
BRH:0
end_of_record
TN:
SF:components\features\events\services\EventDetailService.js
FN:12,(anonymous_0)
FN:81,(anonymous_1)
FN:189,(anonymous_2)
FN:212,(anonymous_3)
FN:238,(anonymous_4)
FN:270,(anonymous_5)
FN:303,(anonymous_6)
FN:311,(anonymous_7)
FN:324,(anonymous_8)
FN:356,(anonymous_9)
FN:386,(anonymous_10)
FN:403,(anonymous_11)
FN:418,(anonymous_12)
FN:419,(anonymous_13)
FN:432,(anonymous_14)
FN:442,(anonymous_15)
FNF:16
FNH:0
FNDA:0,(anonymous_0)
FNDA:0,(anonymous_1)
FNDA:0,(anonymous_2)
FNDA:0,(anonymous_3)
FNDA:0,(anonymous_4)
FNDA:0,(anonymous_5)
FNDA:0,(anonymous_6)
FNDA:0,(anonymous_7)
FNDA:0,(anonymous_8)
FNDA:0,(anonymous_9)
FNDA:0,(anonymous_10)
FNDA:0,(anonymous_11)
FNDA:0,(anonymous_12)
FNDA:0,(anonymous_13)
FNDA:0,(anonymous_14)
FNDA:0,(anonymous_15)
DA:12,0
DA:13,0
DA:14,0
DA:15,0
DA:18,0
DA:21,0
DA:25,0
DA:26,0
DA:28,0
DA:30,0
DA:31,0
DA:35,0
DA:36,0
DA:40,0
DA:41,0
DA:46,0
DA:47,0
DA:48,0
DA:49,0
DA:51,0
DA:53,0
DA:54,0
DA:55,0
DA:58,0
DA:64,0
DA:65,0
DA:68,0
DA:69,0
DA:71,0
DA:72,0
DA:81,0
DA:82,0
DA:84,0
DA:87,0
DA:88,0
DA:89,0
DA:92,0
DA:93,0
DA:96,0
DA:97,0
DA:101,0
DA:102,0
DA:105,0
DA:106,0
DA:108,0
DA:109,0
DA:110,0
DA:111,0
DA:113,0
DA:116,0
DA:120,0
DA:121,0
DA:124,0
DA:127,0
DA:128,0
DA:132,0
DA:133,0
DA:136,0
DA:137,0
DA:139,0
DA:140,0
DA:141,0
DA:142,0
DA:143,0
DA:145,0
DA:148,0
DA:152,0
DA:153,0
DA:156,0
DA:157,0
DA:161,0
DA:162,0
DA:165,0
DA:166,0
DA:168,0
DA:169,0
DA:170,0
DA:171,0
DA:172,0
DA:174,0
DA:177,0
DA:181,0
DA:189,0
DA:190,0
DA:192,0
DA:193,0
DA:194,0
DA:203,0
DA:204,0
DA:212,0
DA:213,0
DA:214,0
DA:216,0
DA:217,0
DA:218,0
DA:220,0
DA:222,0
DA:227,0
DA:228,0
DA:238,0
DA:239,0
DA:240,0
DA:241,0
DA:242,0
DA:243,0
DA:246,0
DA:249,0
DA:250,0
DA:252,0
DA:253,0
DA:254,0
DA:255,0
DA:257,0
DA:258,0
DA:263,0
DA:264,0
DA:265,0
DA:268,0
DA:270,0
DA:271,0
DA:272,0
DA:273,0
DA:276,0
DA:285,0
DA:286,0
DA:287,0
DA:288,0
DA:289,0
DA:292,0
DA:293,0
DA:294,0
DA:303,0
DA:304,0
DA:305,0
DA:307,0
DA:308,0
DA:310,0
DA:311,0
DA:313,0
DA:314,0
DA:324,0
DA:325,0
DA:326,0
DA:327,0
DA:330,0
DA:332,0
DA:339,0
DA:340,0
DA:342,0
DA:345,0
DA:346,0
DA:356,0
DA:357,0
DA:358,0
DA:359,0
DA:362,0
DA:364,0
DA:369,0
DA:370,0
DA:372,0
DA:375,0
DA:376,0
DA:386,0
DA:388,0
DA:390,0
DA:391,0
DA:392,0
DA:395,0
DA:396,0
DA:399,0
DA:400,0
DA:401,0
DA:402,0
DA:403,0
DA:404,0
DA:407,0
DA:408,0
DA:411,0
DA:416,0
DA:418,0
DA:419,0
DA:423,0
DA:426,0
DA:428,0
DA:429,0
DA:432,0
DA:433,0
DA:437,0
DA:438,0
DA:439,0
DA:442,0
DA:443,0
DA:446,0
DA:447,0
DA:450,0
DA:453,0
DA:454,0
DA:457,0
DA:458,0
DA:461,0
DA:462,0
DA:466,0
DA:467,0
LF:203
LH:0
BRDA:14,0,0,0
BRDA:14,0,1,0
BRDA:21,1,0,0
BRDA:21,1,1,0
BRDA:28,2,0,0
BRDA:28,2,1,0
BRDA:30,3,0,0
BRDA:30,3,1,0
BRDA:30,4,0,0
BRDA:30,4,1,0
BRDA:30,4,2,0
BRDA:35,5,0,0
BRDA:35,5,1,0
BRDA:35,6,0,0
BRDA:35,6,1,0
BRDA:35,6,2,0
BRDA:40,7,0,0
BRDA:40,7,1,0
BRDA:46,8,0,0
BRDA:46,8,1,0
BRDA:46,9,0,0
BRDA:46,9,1,0
BRDA:46,9,2,0
BRDA:48,10,0,0
BRDA:48,10,1,0
BRDA:53,11,0,0
BRDA:53,11,1,0
BRDA:53,12,0,0
BRDA:53,12,1,0
BRDA:53,12,2,0
BRDA:64,13,0,0
BRDA:64,13,1,0
BRDA:64,14,0,0
BRDA:64,14,1,0
BRDA:82,15,0,0
BRDA:82,15,1,0
BRDA:92,16,0,0
BRDA:92,16,1,0
BRDA:96,17,0,0
BRDA:96,17,1,0
BRDA:108,18,0,0
BRDA:108,18,1,0
BRDA:120,19,0,0
BRDA:120,19,1,0
BRDA:124,20,0,0
BRDA:124,20,1,0
BRDA:127,21,0,0
BRDA:127,21,1,0
BRDA:139,22,0,0
BRDA:139,22,1,0
BRDA:152,23,0,0
BRDA:152,23,1,0
BRDA:156,24,0,0
BRDA:156,24,1,0
BRDA:168,25,0,0
BRDA:168,25,1,0
BRDA:190,26,0,0
BRDA:190,26,1,0
BRDA:214,27,0,0
BRDA:214,27,1,0
BRDA:216,28,0,0
BRDA:216,28,1,0
BRDA:216,28,2,0
BRDA:217,29,0,0
BRDA:217,29,1,0
BRDA:218,30,0,0
BRDA:218,30,1,0
BRDA:218,30,2,0
BRDA:220,31,0,0
BRDA:220,31,1,0
BRDA:240,32,0,0
BRDA:240,32,1,0
BRDA:246,33,0,0
BRDA:246,33,1,0
BRDA:252,34,0,0
BRDA:252,34,1,0
BRDA:263,35,0,0
BRDA:263,35,1,0
BRDA:268,36,0,0
BRDA:268,36,1,0
BRDA:278,37,0,0
BRDA:278,37,1,0
BRDA:278,37,2,0
BRDA:279,38,0,0
BRDA:279,38,1,0
BRDA:280,39,0,0
BRDA:280,39,1,0
BRDA:280,39,2,0
BRDA:281,40,0,0
BRDA:281,40,1,0
BRDA:282,41,0,0
BRDA:282,41,1,0
BRDA:282,41,2,0
BRDA:305,42,0,0
BRDA:305,42,1,0
BRDA:308,43,0,0
BRDA:308,43,1,0
BRDA:326,44,0,0
BRDA:326,44,1,0
BRDA:326,45,0,0
BRDA:326,45,1,0
BRDA:330,46,0,0
BRDA:330,46,1,0
BRDA:335,47,0,0
BRDA:335,47,1,0
BRDA:335,47,2,0
BRDA:339,48,0,0
BRDA:339,48,1,0
BRDA:339,49,0,0
BRDA:339,49,1,0
BRDA:342,50,0,0
BRDA:342,50,1,0
BRDA:358,51,0,0
BRDA:358,51,1,0
BRDA:358,52,0,0
BRDA:358,52,1,0
BRDA:362,53,0,0
BRDA:362,53,1,0
BRDA:369,54,0,0
BRDA:369,54,1,0
BRDA:369,55,0,0
BRDA:369,55,1,0
BRDA:372,56,0,0
BRDA:372,56,1,0
BRDA:390,57,0,0
BRDA:390,57,1,0
BRDA:390,58,0,0
BRDA:390,58,1,0
BRDA:395,59,0,0
BRDA:395,59,1,0
BRDA:401,60,0,0
BRDA:401,60,1,0
BRDA:404,61,0,0
BRDA:404,61,1,0
BRDA:428,62,0,0
BRDA:428,62,1,0
BRDA:428,63,0,0
BRDA:428,63,1,0
BRDA:428,63,2,0
BRDA:439,64,0,0
BRDA:439,64,1,0
BRDA:442,65,0,0
BRDA:442,65,1,0
BRDA:442,66,0,0
BRDA:442,66,1,0
BRDA:443,67,0,0
BRDA:443,67,1,0
BRF:147
BRH:0
end_of_record
TN:
SF:components\features\events\services\EventSearchService.js
FN:15,(anonymous_0)
FN:70,(anonymous_1)
FN:86,(anonymous_2)
FN:92,(anonymous_3)
FN:129,(anonymous_4)
FN:133,(anonymous_5)
FN:149,(anonymous_6)
FNF:7
FNH:0
FNDA:0,(anonymous_0)
FNDA:0,(anonymous_1)
FNDA:0,(anonymous_2)
FNDA:0,(anonymous_3)
FNDA:0,(anonymous_4)
FNDA:0,(anonymous_5)
FNDA:0,(anonymous_6)
DA:15,0
DA:23,0
DA:25,0
DA:27,0
DA:28,0
DA:32,0
DA:34,0
DA:35,0
DA:36,0
DA:37,0
DA:40,0
DA:42,0
DA:43,0
DA:44,0
DA:45,0
DA:48,0
DA:49,0
DA:52,0
DA:53,0
DA:55,0
DA:58,0
DA:59,0
DA:60,0
DA:61,0
DA:62,0
DA:63,0
DA:65,0
DA:66,0
DA:70,0
DA:72,0
DA:73,0
DA:76,0
DA:79,0
DA:82,0
DA:83,0
DA:86,0
DA:87,0
DA:88,0
DA:92,0
DA:94,0
DA:95,0
DA:99,0
DA:102,0
DA:103,0
DA:108,0
DA:113,0
DA:114,0
DA:117,0
DA:120,0
DA:121,0
DA:129,0
DA:130,0
DA:131,0
DA:133,0
DA:137,0
DA:138,0
DA:140,0
DA:141,0
DA:149,0
DA:150,0
DA:151,0
DA:152,0
DA:153,0
DA:154,0
DA:155,0
DA:157,0
DA:159,0
DA:160,0
LF:68
LH:0
BRDA:27,0,0,0
BRDA:27,0,1,0
BRDA:32,1,0,0
BRDA:32,1,1,0
BRDA:40,2,0,0
BRDA:40,2,1,0
BRDA:48,3,0,0
BRDA:48,3,1,0
BRDA:58,4,0,0
BRDA:58,4,1,0
BRDA:61,5,0,0
BRDA:61,5,1,0
BRDA:61,6,0,0
BRDA:61,6,1,0
BRDA:72,7,0,0
BRDA:72,7,1,0
BRDA:72,7,2,0
BRDA:72,7,3,0
BRDA:73,8,0,0
BRDA:73,8,1,0
BRDA:73,8,2,0
BRDA:73,8,3,0
BRDA:82,9,0,0
BRDA:82,9,1,0
BRDA:82,10,0,0
BRDA:82,10,1,0
BRDA:86,11,0,0
BRDA:86,11,1,0
BRDA:86,11,2,0
BRDA:87,12,0,0
BRDA:87,12,1,0
BRDA:94,13,0,0
BRDA:94,13,1,0
BRDA:94,14,0,0
BRDA:94,14,1,0
BRDA:99,15,0,0
BRDA:99,15,1,0
BRDA:102,16,0,0
BRDA:102,16,1,0
BRDA:103,17,0,0
BRDA:103,17,1,0
BRDA:103,17,2,0
BRDA:108,18,0,0
BRDA:108,18,1,0
BRDA:135,19,0,0
BRDA:135,19,1,0
BRDA:135,19,2,0
BRDA:152,20,0,0
BRDA:152,20,1,0
BRDA:152,21,0,0
BRDA:152,21,1,0
BRDA:154,22,0,0
BRDA:154,22,1,0
BRDA:154,23,0,0
BRDA:154,23,1,0
BRDA:154,23,2,0
BRF:56
BRH:0
end_of_record
TN:
SF:components\features\events\services\EventService.js
FN:5,(anonymous_0)
FN:32,(anonymous_1)
FN:48,(anonymous_2)
FN:53,(anonymous_3)
FN:73,(anonymous_4)
FN:104,(anonymous_5)
FN:128,(anonymous_6)
FN:151,(anonymous_7)
FNF:8
FNH:0
FNDA:0,(anonymous_0)
FNDA:0,(anonymous_1)
FNDA:0,(anonymous_2)
FNDA:0,(anonymous_3)
FNDA:0,(anonymous_4)
FNDA:0,(anonymous_5)
FNDA:0,(anonymous_6)
FNDA:0,(anonymous_7)
DA:5,0
DA:6,0
DA:7,0
DA:9,0
DA:10,0
DA:11,0
DA:14,0
DA:15,0
DA:17,0
DA:18,0
DA:19,0
DA:20,0
DA:22,0
DA:23,0
DA:26,0
DA:27,0
DA:32,0
DA:33,0
DA:34,0
DA:36,0
DA:37,0
DA:39,0
DA:40,0
DA:41,0
DA:44,0
DA:47,0
DA:48,0
DA:49,0
DA:50,0
DA:51,0
DA:52,0
DA:53,0
DA:55,0
DA:58,0
DA:62,0
DA:65,0
DA:67,0
DA:68,0
DA:73,0
DA:74,0
DA:75,0
DA:76,0
DA:79,0
DA:80,0
DA:83,0
DA:90,0
DA:92,0
DA:93,0
DA:95,0
DA:98,0
DA:99,0
DA:104,0
DA:105,0
DA:106,0
DA:107,0
DA:111,0
DA:116,0
DA:117,0
DA:119,0
DA:122,0
DA:123,0
DA:128,0
DA:129,0
DA:132,0
DA:133,0
DA:137,0
DA:138,0
DA:142,0
DA:143,0
DA:147,0
DA:151,0
DA:152,0
DA:153,0
DA:154,0
DA:155,0
DA:161,0
DA:162,0
LF:77
LH:0
BRDA:9,0,0,0
BRDA:9,0,1,0
BRDA:17,1,0,0
BRDA:17,1,1,0
BRDA:17,2,0,0
BRDA:17,2,1,0
BRDA:26,3,0,0
BRDA:26,3,1,0
BRDA:36,4,0,0
BRDA:36,4,1,0
BRDA:36,5,0,0
BRDA:36,5,1,0
BRDA:39,6,0,0
BRDA:39,6,1,0
BRDA:51,7,0,0
BRDA:51,7,1,0
BRDA:51,8,0,0
BRDA:51,8,1,0
BRDA:75,9,0,0
BRDA:75,9,1,0
BRDA:79,10,0,0
BRDA:79,10,1,0
BRDA:79,11,0,0
BRDA:79,11,1,0
BRDA:92,12,0,0
BRDA:92,12,1,0
BRDA:92,13,0,0
BRDA:92,13,1,0
BRDA:95,14,0,0
BRDA:95,14,1,0
BRDA:106,15,0,0
BRDA:106,15,1,0
BRDA:116,16,0,0
BRDA:116,16,1,0
BRDA:116,17,0,0
BRDA:116,17,1,0
BRDA:119,18,0,0
BRDA:119,18,1,0
BRDA:132,19,0,0
BRDA:132,19,1,0
BRDA:137,20,0,0
BRDA:137,20,1,0
BRDA:142,21,0,0
BRDA:142,21,1,0
BRDA:152,22,0,0
BRDA:152,22,1,0
BRF:46
BRH:0
end_of_record
TN:
SF:components\features\events\services\availabilityService.js
FN:6,(anonymous_0)
FN:50,(anonymous_1)
FN:52,(anonymous_2)
FN:90,(anonymous_3)
FN:92,(anonymous_4)
FN:136,(anonymous_5)
FN:157,(anonymous_6)
FN:165,(anonymous_7)
FN:190,(anonymous_8)
FN:192,(anonymous_9)
FNF:10
FNH:0
FNDA:0,(anonymous_0)
FNDA:0,(anonymous_1)
FNDA:0,(anonymous_2)
FNDA:0,(anonymous_3)
FNDA:0,(anonymous_4)
FNDA:0,(anonymous_5)
FNDA:0,(anonymous_6)
FNDA:0,(anonymous_7)
FNDA:0,(anonymous_8)
FNDA:0,(anonymous_9)
DA:6,0
DA:7,0
DA:8,0
DA:9,0
DA:12,0
DA:13,0
DA:14,0
DA:16,0
DA:19,0
DA:20,0
DA:22,0
DA:23,0
DA:25,0
DA:26,0
DA:29,0
DA:31,0
DA:34,0
DA:36,0
DA:37,0
DA:41,0
DA:43,0
DA:44,0
DA:46,0
DA:48,0
DA:50,0
DA:51,0
DA:52,0
DA:55,0
DA:56,0
DA:57,0
DA:71,0
DA:72,0
DA:75,0
DA:76,0
DA:78,0
DA:79,0
DA:81,0
DA:82,0
DA:84,0
DA:86,0
DA:88,0
DA:90,0
DA:91,0
DA:92,0
DA:94,0
DA:95,0
DA:96,0
DA:107,0
DA:113,0
DA:114,0
DA:115,0
DA:117,0
DA:118,0
DA:119,0
DA:122,0
DA:125,0
DA:130,0
DA:131,0
DA:136,0
DA:137,0
DA:138,0
DA:139,0
DA:143,0
DA:146,0
DA:148,0
DA:151,0
DA:152,0
DA:153,0
DA:157,0
DA:159,0
DA:160,0
DA:161,0
DA:165,0
DA:167,0
DA:170,0
DA:171,0
DA:172,0
DA:173,0
DA:176,0
DA:177,0
DA:179,0
DA:190,0
DA:192,0
DA:194,0
DA:195,0
DA:198,0
DA:200,0
DA:201,0
DA:205,0
DA:207,0
DA:208,0
DA:210,0
DA:213,0
DA:217,0
DA:220,0
DA:221,0
LF:96
LH:0
BRDA:7,0,0,0
BRDA:7,0,1,0
BRDA:25,1,0,0
BRDA:25,1,1,0
BRDA:29,2,0,0
BRDA:29,2,1,0
BRDA:34,3,0,0
BRDA:34,3,1,0
BRDA:36,4,0,0
BRDA:36,4,1,0
BRDA:44,5,0,0
BRDA:44,5,1,0
BRDA:48,6,0,0
BRDA:48,6,1,0
BRDA:48,7,0,0
BRDA:48,7,1,0
BRDA:51,8,0,0
BRDA:51,8,1,0
BRDA:55,9,0,0
BRDA:55,9,1,0
BRDA:71,10,0,0
BRDA:71,10,1,0
BRDA:81,11,0,0
BRDA:81,11,1,0
BRDA:82,12,0,0
BRDA:82,12,1,0
BRDA:84,13,0,0
BRDA:84,13,1,0
BRDA:88,14,0,0
BRDA:88,14,1,0
BRDA:88,15,0,0
BRDA:88,15,1,0
BRDA:91,16,0,0
BRDA:91,16,1,0
BRDA:94,17,0,0
BRDA:94,17,1,0
BRDA:117,18,0,0
BRDA:117,18,1,0
BRDA:117,19,0,0
BRDA:117,19,1,0
BRDA:118,20,0,0
BRDA:118,20,1,0
BRDA:137,21,0,0
BRDA:137,21,1,0
BRDA:151,22,0,0
BRDA:151,22,1,0
BRDA:159,23,0,0
BRDA:159,23,1,0
BRDA:159,24,0,0
BRDA:159,24,1,0
BRDA:159,24,2,0
BRDA:167,25,0,0
BRDA:167,25,1,0
BRDA:170,26,0,0
BRDA:170,26,1,0
BRDA:171,27,0,0
BRDA:171,27,1,0
BRDA:172,28,0,0
BRDA:172,28,1,0
BRDA:172,29,0,0
BRDA:172,29,1,0
BRDA:176,30,0,0
BRDA:176,30,1,0
BRDA:177,31,0,0
BRDA:177,31,1,0
BRDA:195,32,0,0
BRDA:195,32,1,0
BRDA:198,33,0,0
BRDA:198,33,1,0
BRDA:201,34,0,0
BRDA:201,34,1,0
BRDA:205,35,0,0
BRDA:205,35,1,0
BRDA:210,36,0,0
BRDA:210,36,1,0
BRF:75
BRH:0
end_of_record
TN:
SF:components\features\events\services\eventServiceP.js
FN:4,(anonymous_0)
FN:19,(anonymous_1)
FN:52,(anonymous_2)
FNF:3
FNH:0
FNDA:0,(anonymous_0)
FNDA:0,(anonymous_1)
FNDA:0,(anonymous_2)
DA:4,0
DA:17,0
DA:19,0
DA:20,0
DA:21,0
DA:24,0
DA:27,0
DA:41,0
DA:44,0
DA:45,0
DA:48,0
DA:49,0
DA:52,0
DA:53,0
DA:64,0
DA:66,0
DA:68,0
DA:69,0
DA:72,0
DA:73,0
LF:20
LH:0
BRDA:33,0,0,0
BRDA:33,0,1,0
BRDA:37,1,0,0
BRDA:37,1,1,0
BRDA:38,2,0,0
BRDA:38,2,1,0
BRDA:48,3,0,0
BRDA:48,3,1,0
BRDA:48,4,0,0
BRDA:48,4,1,0
BRDA:48,4,2,0
BRDA:48,4,3,0
BRDA:48,4,4,0
BRDA:54,5,0,0
BRDA:54,5,1,0
BRF:15
BRH:0
end_of_record
TN:
SF:components\features\events\services\managerService.js
FN:4,(anonymous_0)
FNF:1
FNH:0
FNDA:0,(anonymous_0)
DA:4,0
DA:5,0
DA:6,0
DA:7,0
DA:10,0
DA:11,0
DA:12,0
DA:13,0
DA:15,0
DA:17,0
DA:18,0
LF:11
LH:0
BRDA:5,0,0,0
BRDA:5,0,1,0
BRDA:12,1,0,0
BRDA:12,1,1,0
BRDA:12,2,0,0
BRDA:12,2,1,0
BRF:6
BRH:0
end_of_record
TN:
SF:components\features\events\ui\AttendanceButton.js
FN:9,(anonymous_0)
FNF:1
FNH:0
FNDA:0,(anonymous_0)
DA:9,0
DA:10,0
DA:11,0
DA:21,0
LF:4
LH:0
BRDA:10,0,0,0
BRDA:10,0,1,0
BRDA:25,1,0,0
BRDA:25,1,1,0
BRDA:27,2,0,0
BRDA:27,2,1,0
BRDA:30,3,0,0
BRDA:30,3,1,0
BRF:8
BRH:0
end_of_record
TN:
SF:components\features\events\ui\CategorySelector.js
FN:6,(anonymous_0)
FN:17,(anonymous_1)
FN:24,(anonymous_2)
FNF:3
FNH:0
FNDA:0,(anonymous_0)
FNDA:0,(anonymous_1)
FNDA:0,(anonymous_2)
DA:6,0
DA:12,0
DA:14,0
DA:18,0
DA:24,0
LF:5
LH:0
BRDA:22,0,0,0
BRDA:22,0,1,0
BRDA:29,1,0,0
BRDA:29,1,1,0
BRDA:38,2,0,0
BRDA:38,2,1,0
BRF:6
BRH:0
end_of_record
TN:
SF:components\features\events\ui\ConfirmationModal.js
FN:6,(anonymous_0)
FNF:1
FNH:0
FNDA:0,(anonymous_0)
DA:6,0
DA:20,0
LF:2
LH:0
BRDA:47,0,0,0
BRDA:47,0,1,0
BRDA:56,1,0,0
BRDA:56,1,1,0
BRDA:59,2,0,0
BRDA:59,2,1,0
BRDA:79,3,0,0
BRDA:79,3,1,0
BRF:8
BRH:0
end_of_record
TN:
SF:components\features\events\ui\DateFilter.js
FN:11,(anonymous_0)
FN:21,(anonymous_1)
FN:27,(anonymous_2)
FN:50,(anonymous_3)
FN:92,(anonymous_4)
FN:108,(anonymous_5)
FN:128,(anonymous_6)
FNF:7
FNH:0
FNDA:0,(anonymous_0)
FNDA:0,(anonymous_1)
FNDA:0,(anonymous_2)
FNDA:0,(anonymous_3)
FNDA:0,(anonymous_4)
FNDA:0,(anonymous_5)
FNDA:0,(anonymous_6)
DA:11,0
DA:17,0
DA:18,0
DA:21,0
DA:22,0
DA:23,0
DA:27,0
DA:28,0
DA:30,0
DA:31,0
DA:32,0
DA:38,0
DA:39,0
DA:40,0
DA:46,0
DA:50,0
DA:51,0
DA:54,0
DA:56,0
DA:58,0
DA:59,0
DA:60,0
DA:62,0
DA:63,0
DA:65,0
DA:68,0
DA:70,0
DA:71,0
DA:73,0
DA:74,0
DA:76,0
DA:79,0
DA:80,0
DA:84,0
DA:93,0
DA:94,0
DA:109,0
DA:110,0
DA:128,0
LF:39
LH:0
BRDA:22,0,0,0
BRDA:22,0,1,0
BRDA:30,1,0,0
BRDA:30,1,1,0
BRDA:38,2,0,0
BRDA:38,2,1,0
BRDA:58,3,0,0
BRDA:58,3,1,0
BRDA:62,4,0,0
BRDA:62,4,1,0
BRDA:73,5,0,0
BRDA:73,5,1,0
BRDA:98,6,0,0
BRDA:98,6,1,0
BRDA:114,7,0,0
BRDA:114,7,1,0
BRDA:122,8,0,0
BRDA:122,8,1,0
BRDA:126,9,0,0
BRDA:126,9,1,0
BRDA:135,10,0,0
BRDA:135,10,1,0
BRDA:135,11,0,0
BRDA:135,11,1,0
BRF:24
BRH:0
end_of_record
TN:
SF:components\features\events\ui\EmptyEvents.js
FN:5,(anonymous_0)
FNF:1
FNH:0
FNDA:0,(anonymous_0)
DA:5,0
DA:6,0
LF:2
LH:0
BRF:0
BRH:0
end_of_record
TN:
SF:components\features\events\ui\EmptyEventsList.js
FN:9,(anonymous_0)
FNF:1
FNH:0
FNDA:0,(anonymous_0)
DA:9,0
DA:10,0
LF:2
LH:0
BRF:0
BRH:0
end_of_record
TN:
SF:components\features\events\ui\EventCard.js
FN:10,(anonymous_0)
FN:35,(anonymous_1)
FNF:2
FNH:0
FNDA:0,(anonymous_0)
FNDA:0,(anonymous_1)
DA:10,0
DA:11,0
DA:35,0
LF:3
LH:0
BRDA:16,0,0,0
BRDA:16,0,1,0
BRDA:17,1,0,0
BRDA:17,1,1,0
BRF:4
BRH:0
end_of_record
TN:
SF:components\features\events\ui\EventCardSearch.js
FN:11,(anonymous_0)
FN:24,(anonymous_1)
FN:31,(anonymous_2)
FN:39,(anonymous_3)
FN:44,(anonymous_4)
FNF:5
FNH:0
FNDA:0,(anonymous_0)
FNDA:0,(anonymous_1)
FNDA:0,(anonymous_2)
FNDA:0,(anonymous_3)
FNDA:0,(anonymous_4)
DA:11,0
DA:18,0
DA:21,0
DA:24,0
DA:25,0
DA:31,0
DA:32,0
DA:33,0
DA:35,0
DA:39,0
DA:40,0
DA:44,0
DA:45,0
DA:48,0
LF:14
LH:0
BRDA:21,0,0,0
BRDA:21,0,1,0
BRDA:21,0,2,0
BRDA:26,1,0,0
BRDA:26,1,1,0
BRDA:32,2,0,0
BRDA:32,2,1,0
BRDA:32,3,0,0
BRDA:32,3,1,0
BRDA:33,4,0,0
BRDA:33,4,1,0
BRDA:33,5,0,0
BRDA:33,5,1,0
BRDA:35,6,0,0
BRDA:35,6,1,0
BRDA:35,6,2,0
BRDA:40,7,0,0
BRDA:40,7,1,0
BRDA:40,7,2,0
BRDA:45,8,0,0
BRDA:45,8,1,0
BRDA:49,9,0,0
BRDA:49,9,1,0
BRDA:55,10,0,0
BRDA:55,10,1,0
BRDA:69,11,0,0
BRDA:69,11,1,0
BRDA:90,12,0,0
BRDA:90,12,1,0
BRF:29
BRH:0
end_of_record
TN:
SF:components\features\events\ui\EventDescription.js
FN:8,(anonymous_0)
FNF:1
FNH:0
FNDA:0,(anonymous_0)
DA:8,0
DA:9,0
LF:2
LH:0
BRDA:13,0,0,0
BRDA:13,0,1,0
BRF:2
BRH:0
end_of_record
TN:
SF:components\features\events\ui\EventForm.js
FN:16,(anonymous_0)
FN:23,(anonymous_1)
FN:24,(anonymous_2)
FN:44,(anonymous_3)
FN:82,(anonymous_4)
FN:94,(anonymous_5)
FN:109,(anonymous_6)
FN:137,(anonymous_7)
FN:159,(anonymous_8)
FN:164,(anonymous_9)
FN:206,(anonymous_10)
FN:227,(anonymous_11)
FN:232,(anonymous_12)
FN:234,(anonymous_13)
FN:239,(anonymous_14)
FN:258,(anonymous_15)
FN:268,(anonymous_16)
FN:272,(anonymous_17)
FNF:18
FNH:0
FNDA:0,(anonymous_0)
FNDA:0,(anonymous_1)
FNDA:0,(anonymous_2)
FNDA:0,(anonymous_3)
FNDA:0,(anonymous_4)
FNDA:0,(anonymous_5)
FNDA:0,(anonymous_6)
FNDA:0,(anonymous_7)
FNDA:0,(anonymous_8)
FNDA:0,(anonymous_9)
FNDA:0,(anonymous_10)
FNDA:0,(anonymous_11)
FNDA:0,(anonymous_12)
FNDA:0,(anonymous_13)
FNDA:0,(anonymous_14)
FNDA:0,(anonymous_15)
FNDA:0,(anonymous_16)
FNDA:0,(anonymous_17)
DA:16,0
DA:27,0
DA:28,0
DA:29,0
DA:30,0
DA:31,0
DA:32,0
DA:33,0
DA:34,0
DA:35,0
DA:38,0
DA:39,0
DA:40,0
DA:41,0
DA:44,0
DA:45,0
DA:46,0
DA:49,0
DA:50,0
DA:53,0
DA:54,0
DA:55,0
DA:56,0
DA:57,0
DA:59,0
DA:60,0
DA:63,0
DA:64,0
DA:67,0
DA:71,0
DA:72,0
DA:75,0
DA:76,0
DA:77,0
DA:78,0
DA:82,0
DA:83,0
DA:85,0
DA:86,0
DA:90,0
DA:94,0
DA:95,0
DA:96,0
DA:97,0
DA:98,0
DA:99,0
DA:101,0
DA:102,0
DA:104,0
DA:109,0
DA:111,0
DA:112,0
DA:113,0
DA:116,0
DA:117,0
DA:118,0
DA:122,0
DA:135,0
DA:137,0
DA:140,0
DA:141,0
DA:144,0
DA:145,0
DA:146,0
DA:149,0
DA:150,0
DA:153,0
DA:156,0
DA:159,0
DA:161,0
DA:164,0
DA:167,0
DA:170,0
DA:206,0
DA:228,0
DA:232,0
DA:234,0
DA:239,0
DA:258,0
DA:269,0
DA:273,0
DA:274,0
LF:82
LH:0
BRDA:19,0,0,0
BRDA:20,1,0,0
BRDA:21,2,0,0
BRDA:22,3,0,0
BRDA:23,4,0,0
BRDA:24,5,0,0
BRDA:27,6,0,0
BRDA:27,6,1,0
BRDA:28,7,0,0
BRDA:28,7,1,0
BRDA:29,8,0,0
BRDA:29,8,1,0
BRDA:30,9,0,0
BRDA:30,9,1,0
BRDA:31,10,0,0
BRDA:31,10,1,0
BRDA:32,11,0,0
BRDA:32,11,1,0
BRDA:33,12,0,0
BRDA:33,12,1,0
BRDA:34,13,0,0
BRDA:34,13,1,0
BRDA:35,14,0,0
BRDA:35,14,1,0
BRDA:45,15,0,0
BRDA:45,15,1,0
BRDA:49,16,0,0
BRDA:49,16,1,0
BRDA:50,17,0,0
BRDA:50,17,1,0
BRDA:53,18,0,0
BRDA:53,18,1,0
BRDA:56,19,0,0
BRDA:56,19,1,0
BRDA:71,20,0,0
BRDA:71,20,1,0
BRDA:72,21,0,0
BRDA:72,21,1,0
BRDA:75,22,0,0
BRDA:75,22,1,0
BRDA:76,23,0,0
BRDA:76,23,1,0
BRDA:77,24,0,0
BRDA:77,24,1,0
BRDA:78,25,0,0
BRDA:78,25,1,0
BRDA:85,26,0,0
BRDA:85,26,1,0
BRDA:96,27,0,0
BRDA:96,27,1,0
BRDA:101,28,0,0
BRDA:101,28,1,0
BRDA:111,29,0,0
BRDA:111,29,1,0
BRDA:116,30,0,0
BRDA:116,30,1,0
BRDA:124,31,0,0
BRDA:124,31,1,0
BRDA:124,31,2,0
BRDA:135,32,0,0
BRDA:135,32,1,0
BRDA:144,33,0,0
BRDA:144,33,1,0
BRDA:144,33,2,0
BRDA:145,34,0,0
BRDA:145,34,1,0
BRDA:161,35,0,0
BRDA:161,35,1,0
BRDA:167,36,0,0
BRDA:167,36,1,0
BRDA:174,37,0,0
BRDA:174,37,1,0
BRDA:220,38,0,0
BRDA:220,38,1,0
BRDA:225,39,0,0
BRDA:225,39,1,0
BRDA:232,40,0,0
BRDA:232,40,1,0
BRDA:239,41,0,0
BRDA:239,41,1,0
BRDA:261,42,0,0
BRDA:261,42,1,0
BRDA:266,43,0,0
BRDA:266,43,1,0
BRDA:271,44,0,0
BRDA:271,44,1,0
BRDA:278,45,0,0
BRDA:278,45,1,0
BRDA:342,46,0,0
BRDA:342,46,1,0
BRDA:347,47,0,0
BRDA:347,47,1,0
BRDA:358,48,0,0
BRDA:358,48,1,0
BRDA:361,49,0,0
BRDA:361,49,1,0
BRDA:364,50,0,0
BRDA:364,50,1,0
BRF:98
BRH:0
end_of_record
TN:
SF:components\features\events\ui\EventHeader.js
FN:9,(anonymous_0)
FNF:1
FNH:0
FNDA:0,(anonymous_0)
DA:9,0
DA:10,0
LF:2
LH:0
BRDA:14,0,0,0
BRDA:14,0,1,0
BRDA:14,0,2,0
BRDA:17,1,0,0
BRDA:17,1,1,0
BRDA:20,2,0,0
BRDA:20,2,1,0
BRDA:39,3,0,0
BRDA:39,3,1,0
BRF:9
BRH:0
end_of_record
TN:
SF:components\features\events\ui\EventInfo.js
FN:10,(anonymous_0)
FNF:1
FNH:0
FNDA:0,(anonymous_0)
DA:10,0
DA:11,0
LF:2
LH:0
BRDA:17,0,0,0
BRDA:17,0,1,0
BRDA:25,1,0,0
BRDA:25,1,1,0
BRDA:25,1,2,0
BRDA:25,1,3,0
BRDA:30,2,0,0
BRDA:30,2,1,0
BRDA:30,2,2,0
BRDA:34,3,0,0
BRDA:34,3,1,0
BRDA:40,4,0,0
BRDA:40,4,1,0
BRDA:44,5,0,0
BRDA:44,5,1,0
BRDA:45,6,0,0
BRDA:45,6,1,0
BRDA:52,7,0,0
BRDA:52,7,1,0
BRF:19
BRH:0
end_of_record
TN:
SF:components\features\events\ui\EventItem.js
FN:6,(anonymous_0)
FN:66,(anonymous_1)
FN:73,(anonymous_2)
FNF:3
FNH:0
FNDA:0,(anonymous_0)
FNDA:0,(anonymous_1)
FNDA:0,(anonymous_2)
DA:6,0
DA:14,0
DA:66,0
DA:73,0
LF:4
LH:0
BRDA:17,0,0,0
BRDA:17,0,1,0
BRDA:23,1,0,0
BRDA:23,1,1,0
BRDA:28,2,0,0
BRDA:28,2,1,0
BRDA:37,3,0,0
BRDA:37,3,1,0
BRDA:44,4,0,0
BRDA:44,4,1,0
BRDA:51,5,0,0
BRDA:51,5,1,0
BRDA:58,6,0,0
BRDA:58,6,1,0
BRDA:63,7,0,0
BRDA:63,7,1,0
BRF:16
BRH:0
end_of_record
TN:
SF:components\features\events\ui\EventProgrammingHeader.js
FN:6,(anonymous_0)
FN:11,(anonymous_1)
FNF:2
FNH:0
FNDA:0,(anonymous_0)
FNDA:0,(anonymous_1)
DA:6,0
DA:7,0
DA:11,0
LF:3
LH:0
BRF:0
BRH:0
end_of_record
TN:
SF:components\features\events\ui\FilterModal.js
FN:16,(anonymous_0)
FN:57,(anonymous_1)
FN:72,(anonymous_2)
FN:99,(anonymous_3)
FN:127,(anonymous_4)
FN:153,(anonymous_5)
FN:160,(anonymous_6)
FNF:7
FNH:0
FNDA:0,(anonymous_0)
FNDA:0,(anonymous_1)
FNDA:0,(anonymous_2)
FNDA:0,(anonymous_3)
FNDA:0,(anonymous_4)
FNDA:0,(anonymous_5)
FNDA:0,(anonymous_6)
DA:16,0
DA:33,0
DA:35,0
DA:59,0
DA:60,0
DA:63,0
DA:65,0
DA:73,0
DA:75,0
DA:76,0
DA:78,0
DA:100,0
DA:101,0
DA:102,0
DA:103,0
DA:128,0
DA:129,0
DA:130,0
DA:131,0
DA:154,0
DA:161,0
DA:162,0
LF:22
LH:0
BRDA:33,0,0,0
BRDA:33,0,1,0
BRDA:33,0,2,0
BRDA:57,1,0,0
BRDA:57,1,1,0
BRDA:57,1,2,0
BRDA:59,2,0,0
BRDA:59,2,1,0
BRDA:59,2,2,0
BRDA:60,3,0,0
BRDA:60,3,1,0
BRDA:67,4,0,0
BRDA:67,4,1,0
BRDA:70,5,0,0
BRDA:70,5,1,0
BRDA:73,6,0,0
BRDA:73,6,1,0
BRDA:75,7,0,0
BRDA:75,7,1,0
BRDA:85,8,0,0
BRDA:85,8,1,0
BRDA:100,9,0,0
BRDA:100,9,1,0
BRDA:107,10,0,0
BRDA:107,10,1,0
BRDA:126,11,0,0
BRDA:126,11,1,0
BRDA:128,12,0,0
BRDA:128,12,1,0
BRDA:135,13,0,0
BRDA:135,13,1,0
BRDA:153,14,0,0
BRDA:153,14,1,0
BRDA:158,15,0,0
BRDA:158,15,1,0
BRDA:161,16,0,0
BRDA:161,16,1,0
BRDA:162,17,0,0
BRDA:162,17,1,0
BRDA:168,18,0,0
BRDA:168,18,1,0
BRF:41
BRH:0
end_of_record
TN:
SF:components\features\events\ui\LoadingErrorState.js
FN:8,(anonymous_0)
FNF:1
FNH:0
FNDA:0,(anonymous_0)
DA:8,0
DA:9,0
DA:10,0
DA:18,0
DA:19,0
DA:34,0
LF:6
LH:0
BRDA:9,0,0,0
BRDA:9,0,1,0
BRDA:18,1,0,0
BRDA:18,1,1,0
BRF:4
BRH:0
end_of_record
TN:
SF:components\features\events\ui\LocationFilter.js
FN:15,(anonymous_0)
FN:20,(anonymous_1)
FN:25,(anonymous_2)
FN:31,(anonymous_3)
FN:38,(anonymous_4)
FN:43,(anonymous_5)
FN:54,(anonymous_6)
FN:77,(anonymous_7)
FN:118,(anonymous_8)
FN:131,(anonymous_9)
FNF:10
FNH:0
FNDA:0,(anonymous_0)
FNDA:0,(anonymous_1)
FNDA:0,(anonymous_2)
FNDA:0,(anonymous_3)
FNDA:0,(anonymous_4)
FNDA:0,(anonymous_5)
FNDA:0,(anonymous_6)
FNDA:0,(anonymous_7)
FNDA:0,(anonymous_8)
FNDA:0,(anonymous_9)
DA:15,0
DA:16,0
DA:17,0
DA:20,0
DA:21,0
DA:25,0
DA:26,0
DA:27,0
DA:31,0
DA:32,0
DA:33,0
DA:34,0
DA:38,0
DA:39,0
DA:43,0
DA:44,0
DA:45,0
DA:46,0
DA:48,0
DA:54,0
DA:72,0
DA:77,0
DA:118,0
DA:131,0
DA:148,0
LF:25
LH:0
BRDA:21,0,0,0
BRDA:21,0,1,0
BRDA:26,1,0,0
BRDA:26,1,1,0
BRDA:26,1,2,0
BRDA:44,2,0,0
BRDA:44,2,1,0
BRDA:45,3,0,0
BRDA:45,3,1,0
BRDA:45,3,2,0
BRDA:52,4,0,0
BRDA:52,4,1,0
BRDA:59,5,0,0
BRDA:59,5,1,0
BRDA:65,6,0,0
BRDA:65,6,1,0
BRDA:82,7,0,0
BRDA:82,7,1,0
BRDA:83,8,0,0
BRDA:83,8,1,0
BRDA:88,9,0,0
BRDA:88,9,1,0
BRDA:97,10,0,0
BRDA:97,10,1,0
BRDA:105,11,0,0
BRDA:105,11,1,0
BRDA:116,12,0,0
BRDA:116,12,1,0
BRDA:127,13,0,0
BRDA:127,13,1,0
BRDA:131,14,0,0
BRDA:131,14,1,0
BRDA:131,14,2,0
BRF:33
BRH:0
end_of_record
TN:
SF:components\features\events\ui\ModalHeader.js
FN:6,(anonymous_0)
FNF:1
FNH:0
FNDA:0,(anonymous_0)
DA:6,0
DA:7,0
LF:2
LH:0
BRF:0
BRH:0
end_of_record
TN:
SF:components\features\events\ui\SearchBar.js
FN:9,(anonymous_0)
FN:23,(anonymous_1)
FNF:2
FNH:0
FNDA:0,(anonymous_0)
FNDA:0,(anonymous_1)
DA:9,0
DA:10,0
DA:23,0
LF:3
LH:0
BRDA:18,0,0,0
BRDA:18,0,1,0
BRDA:21,1,0,0
BRDA:21,1,1,0
BRDA:21,1,2,0
BRDA:33,2,0,0
BRDA:33,2,1,0
BRDA:40,3,0,0
BRDA:40,3,1,0
BRF:9
BRH:0
end_of_record
TN:
SF:components\features\events\ui\TimeSlotSelector.js
FN:5,(anonymous_0)
FN:13,(anonymous_1)
FN:18,(anonymous_2)
FN:20,(anonymous_3)
FN:25,(anonymous_4)
FNF:5
FNH:0
FNDA:0,(anonymous_0)
FNDA:0,(anonymous_1)
FNDA:0,(anonymous_2)
FNDA:0,(anonymous_3)
FNDA:0,(anonymous_4)
DA:5,0
DA:10,0
DA:14,0
DA:18,0
DA:20,0
DA:25,0
LF:6
LH:0
BRDA:12,0,0,0
BRDA:12,0,1,0
BRDA:18,1,0,0
BRDA:18,1,1,0
BRDA:25,2,0,0
BRDA:25,2,1,0
BRF:6
BRH:0
end_of_record
TN:
[...]
BRDA:1490,173,1,0
BRDA:1499,174,0,0
BRDA:1514,175,0,0
BRDA:1514,175,1,0
BRDA:1514,176,0,0
BRDA:1514,176,1,0
BRDA:1525,177,0,0
BRDA:1525,177,1,0
BRDA:1533,178,0,0
BRDA:1533,178,1,0
BRDA:1540,179,0,0
BRDA:1540,179,1,0
BRDA:1541,180,0,0
BRDA:1541,180,1,0
BRDA:1543,181,0,0
BRDA:1543,181,1,0
BRDA:1543,182,0,0
BRDA:1543,182,1,0
BRDA:1554,183,0,0
BRDA:1554,183,1,0
BRDA:1554,184,0,0
BRDA:1554,184,1,0
BRDA:1569,185,0,0
BRDA:1569,185,1,0
BRDA:1569,186,0,0
BRDA:1569,186,1,0
BRDA:1591,187,0,0
BRDA:1591,187,1,0
BRDA:1612,188,0,0
BRDA:1612,188,1,0
BRDA:1612,189,0,0
BRDA:1612,189,1,0
BRDA:1637,190,0,0
BRDA:1637,190,1,0
BRDA:1643,191,0,0
BRDA:1643,191,1,0
BRDA:1647,192,0,0
BRDA:1647,192,1,0
BRDA:1680,193,0,0
BRDA:1680,193,1,0
BRDA:1686,194,0,0
BRDA:1686,194,1,0
BRDA:1706,195,0,0
BRDA:1708,196,0,0
BRDA:1708,196,1,0
BRDA:1720,197,0,0
BRDA:1720,197,1,0
BRDA:1723,198,0,0
BRDA:1723,198,1,0
BRDA:1729,199,0,0
BRDA:1729,199,1,0
BRDA:1737,200,0,0
BRDA:1737,200,1,0
BRDA:1737,201,0,0
BRDA:1737,201,1,0
BRDA:1748,202,0,0
BRDA:1748,202,1,0
BRDA:1748,203,0,0
BRDA:1748,203,1,0
BRDA:1752,204,0,0
BRDA:1752,204,1,0
BRDA:1765,205,0,0
BRDA:1765,205,1,0
BRDA:1771,206,0,0
BRDA:1771,206,1,0
BRDA:1833,207,0,0
BRDA:1833,207,1,0
BRDA:1869,208,0,0
BRDA:1869,208,1,0
BRDA:1891,209,0,0
BRDA:1891,209,1,0
BRDA:1891,209,2,0
BRDA:1893,210,0,0
BRDA:1893,210,1,0
BRDA:1900,211,0,0
BRDA:1900,211,1,0
BRDA:1906,212,0,0
BRDA:1906,212,1,0
BRDA:1910,213,0,0
BRDA:1910,213,1,0
BRDA:1922,214,0,0
BRDA:1922,214,1,0
BRDA:1924,215,0,0
BRDA:1924,215,1,0
BRDA:1938,216,0,0
BRDA:1938,216,1,0
BRDA:1945,217,0,0
BRDA:1945,217,1,0
BRDA:1964,218,0,0
BRDA:1964,218,1,0
BRDA:1969,219,0,0
BRDA:1969,219,1,0
BRDA:1975,220,0,0
BRDA:1975,220,1,0
BRDA:1975,221,0,0
BRDA:1975,221,1,0
BRDA:1985,222,0,0
BRDA:1985,222,1,0
BRDA:1985,223,0,0
BRDA:1985,223,1,0
BRDA:1985,223,2,0
BRDA:1989,224,0,0
BRDA:1989,224,1,0
BRDA:1993,225,0,0
BRDA:1993,225,1,0
BRDA:1999,226,0,0
BRDA:1999,226,1,0
BRDA:1999,227,0,0
BRDA:1999,227,1,0
BRDA:2002,228,0,0
BRDA:2002,228,1,0
BRDA:2002,229,0,0
BRDA:2002,229,1,0
BRDA:2009,230,0,0
BRDA:2009,230,1,0
BRDA:2016,231,0,0
BRDA:2016,231,1,0
BRDA:2024,232,0,0
BRDA:2024,232,1,0
BRDA:2024,232,2,0
BRDA:2031,233,0,0
BRDA:2031,233,1,0
BRDA:2038,234,0,0
BRDA:2038,234,1,0
BRDA:2038,234,2,0
BRDA:2040,235,0,0
BRDA:2040,235,1,0
BRDA:2041,236,0,0
BRDA:2041,236,1,0
BRDA:2046,237,0,0
BRDA:2046,237,1,0
BRDA:2047,238,0,0
BRDA:2047,238,1,0
BRDA:2052,239,0,0
BRDA:2052,239,1,0
BRDA:2053,240,0,0
BRDA:2053,240,1,0
BRDA:2064,241,0,0
BRDA:2064,241,1,0
BRDA:2071,242,0,0
BRDA:2071,242,1,0
BRDA:2081,243,0,0
BRDA:2081,243,1,0
BRDA:2085,244,0,0
BRDA:2085,244,1,0
BRDA:2097,245,0,0
BRDA:2097,245,1,0
BRDA:2099,246,0,0
BRDA:2099,246,1,0
BRDA:2113,247,0,0
BRDA:2113,247,1,0
BRDA:2120,248,0,0
BRDA:2120,248,1,0
BRDA:2134,249,0,0
BRDA:2134,249,1,0
BRDA:2142,250,0,0
BRDA:2142,250,1,0
BRDA:2155,251,0,0
BRDA:2155,251,1,0
BRDA:2158,252,0,0
BRDA:2158,252,1,0
BRDA:2170,253,0,0
BRDA:2170,253,1,0
BRDA:2179,254,0,0
BRDA:2179,254,1,0
BRDA:2188,255,0,0
BRDA:2188,255,1,0
BRDA:2194,256,0,0
BRDA:2194,256,1,0
BRDA:2246,257,0,0
BRDA:2246,257,1,0
BRDA:2302,258,0,0
BRDA:2302,258,1,0
BRDA:2302,259,0,0
BRDA:2302,259,1,0
BRDA:2332,260,0,0
BRDA:2332,260,1,0
BRDA:2380,261,0,0
BRDA:2380,261,1,0
BRDA:2392,262,0,0
BRDA:2392,262,1,0
BRDA:2405,263,0,0
BRDA:2405,263,1,0
BRDA:2425,264,0,0
BRDA:2425,264,1,0
BRDA:2425,265,0,0
BRDA:2425,265,1,0
BRDA:2445,266,0,0
BRDA:2445,266,1,0
BRDA:2454,267,0,0
BRDA:2454,267,1,0
BRDA:2464,268,0,0
BRDA:2464,268,1,0
BRDA:2464,269,0,0
BRDA:2464,269,1,0
BRDA:2474,270,0,0
BRDA:2474,270,1,0
BRDA:2487,271,0,0
BRDA:2487,271,1,0
BRDA:2493,272,0,0
BRDA:2493,272,1,0
BRDA:2503,273,0,0
BRDA:2503,273,1,0
BRF:556
BRH:0
end_of_record
TN:
SF:components\features\spaces\views\SpaceSearch.js
FN:12,(anonymous_0)
FN:27,(anonymous_1)
FN:58,(anonymous_2)
FN:64,(anonymous_3)
FN:68,(anonymous_4)
FN:80,(anonymous_5)
FN:127,(anonymous_6)
FN:132,(anonymous_7)
FN:145,(anonymous_8)
FN:150,(anonymous_9)
FN:154,(anonymous_10)
FN:161,(anonymous_11)
FN:170,(anonymous_12)
FN:182,(anonymous_13)
FN:193,(anonymous_14)
FN:306,(anonymous_15)
FN:319,(anonymous_16)
FN:329,(anonymous_17)
FN:370,(anonymous_18)
FN:383,(anonymous_19)
FN:397,(anonymous_20)
FN:403,(anonymous_21)
FN:413,(anonymous_22)
FN:429,(anonymous_23)
FN:432,(anonymous_24)
FN:443,(anonymous_25)
FN:515,(anonymous_26)
FN:533,(anonymous_27)
FN:612,(anonymous_28)
FN:625,(anonymous_29)
FN:631,(anonymous_30)
FN:652,(anonymous_31)
FN:682,(anonymous_32)
FN:692,(anonymous_33)
FN:725,(anonymous_34)
FN:774,(anonymous_35)
FN:781,(anonymous_36)
FN:795,(anonymous_37)
FN:809,(anonymous_38)
FN:831,(anonymous_39)
FN:845,(anonymous_40)
FN:869,(anonymous_41)
FN:891,(anonymous_42)
FN:911,(anonymous_43)
FN:929,(anonymous_44)
FN:935,(anonymous_45)
FN:954,(anonymous_46)
FN:966,(anonymous_47)
FN:1008,(anonymous_48)
FN:1022,(anonymous_49)
FN:1042,(anonymous_50)
FN:1043,(anonymous_51)
FN:1046,(anonymous_52)
FN:1080,(anonymous_53)
FNF:54
FNH:0
FNDA:0,(anonymous_0)
FNDA:0,(anonymous_1)
FNDA:0,(anonymous_2)
FNDA:0,(anonymous_3)
FNDA:0,(anonymous_4)
FNDA:0,(anonymous_5)
FNDA:0,(anonymous_6)
FNDA:0,(anonymous_7)
FNDA:0,(anonymous_8)
FNDA:0,(anonymous_9)
FNDA:0,(anonymous_10)
FNDA:0,(anonymous_11)
FNDA:0,(anonymous_12)
FNDA:0,(anonymous_13)
FNDA:0,(anonymous_14)
FNDA:0,(anonymous_15)
FNDA:0,(anonymous_16)
FNDA:0,(anonymous_17)
FNDA:0,(anonymous_18)
FNDA:0,(anonymous_19)
FNDA:0,(anonymous_20)
FNDA:0,(anonymous_21)
FNDA:0,(anonymous_22)
FNDA:0,(anonymous_23)
FNDA:0,(anonymous_24)
FNDA:0,(anonymous_25)
FNDA:0,(anonymous_26)
FNDA:0,(anonymous_27)
FNDA:0,(anonymous_28)
FNDA:0,(anonymous_29)
FNDA:0,(anonymous_30)
FNDA:0,(anonymous_31)
FNDA:0,(anonymous_32)
FNDA:0,(anonymous_33)
FNDA:0,(anonymous_34)
FNDA:0,(anonymous_35)
FNDA:0,(anonymous_36)
FNDA:0,(anonymous_37)
FNDA:0,(anonymous_38)
FNDA:0,(anonymous_39)
FNDA:0,(anonymous_40)
FNDA:0,(anonymous_41)
FNDA:0,(anonymous_42)
FNDA:0,(anonymous_43)
FNDA:0,(anonymous_44)
FNDA:0,(anonymous_45)
FNDA:0,(anonymous_46)
FNDA:0,(anonymous_47)
FNDA:0,(anonymous_48)
FNDA:0,(anonymous_49)
FNDA:0,(anonymous_50)
FNDA:0,(anonymous_51)
FNDA:0,(anonymous_52)
FNDA:0,(anonymous_53)
DA:12,0
DA:13,0
DA:15,0
DA:16,0
DA:17,0
DA:18,0
DA:19,0
DA:20,0
DA:21,0
DA:22,0
DA:23,0
DA:24,0
DA:27,0
DA:29,0
DA:30,0
DA:34,0
DA:37,0
DA:38,0
DA:45,0
DA:49,0
DA:50,0
DA:51,0
DA:58,0
DA:59,0
DA:64,0
DA:65,0
DA:66,0
DA:68,0
DA:69,0
DA:73,0
DA:80,0
DA:81,0
DA:83,0
DA:85,0
DA:86,0
DA:91,0
DA:95,0
DA:97,0
DA:101,0
DA:102,0
DA:105,0
DA:113,0
DA:115,0
DA:116,0
DA:122,0
DA:127,0
DA:128,0
DA:132,0
DA:133,0
DA:134,0
DA:135,0
DA:137,0
DA:140,0
DA:141,0
DA:142,0
DA:145,0
DA:146,0
DA:150,0
DA:151,0
DA:154,0
DA:155,0
DA:161,0
DA:162,0
DA:163,0
DA:164,0
DA:165,0
DA:169,0
DA:170,0
DA:173,0
DA:176,0
DA:177,0
DA:182,0
DA:183,0
DA:185,0
DA:186,0
DA:189,0
DA:193,0
DA:194,0
DA:195,0
DA:197,0
DA:199,0
DA:201,0
DA:204,0
DA:205,0
DA:207,0
DA:208,0
DA:210,0
DA:212,0
DA:214,0
DA:216,0
DA:225,0
DA:227,0
DA:229,0
DA:230,0
DA:233,0
DA:263,0
DA:264,0
DA:266,0
DA:268,0
DA:271,0
DA:294,0
DA:305,0
DA:306,0
DA:308,0
DA:309,0
DA:312,0
DA:313,0
DA:314,0
DA:315,0
DA:319,0
DA:320,0
DA:323,0
DA:326,0
DA:328,0
DA:329,0
DA:330,0
DA:335,0
DA:341,0
DA:345,0
DA:348,0
DA:350,0
DA:355,0
DA:356,0
DA:358,0
DA:359,0
DA:362,0
DA:363,0
DA:364,0
DA:366,0
DA:370,0
DA:372,0
DA:375,0
DA:376,0
DA:377,0
DA:378,0
DA:379,0
DA:383,0
DA:385,0
DA:389,0
DA:390,0
DA:391,0
DA:392,0
DA:393,0
DA:397,0
DA:399,0
DA:403,0
DA:405,0
DA:407,0
DA:408,0
DA:410,0
DA:413,0
DA:415,0
DA:417,0
DA:418,0
DA:420,0
DA:425,0
DA:426,0
DA:429,0
DA:430,0
DA:432,0
DA:443,0
DA:444,0
DA:451,0
DA:517,0
DA:518,0
DA:520,0
DA:522,0
DA:534,0
DA:535,0
DA:612,0
DA:625,0
DA:631,0
DA:653,0
DA:655,0
DA:663,0
DA:665,0
DA:666,0
DA:667,0
DA:669,0
DA:670,0
DA:671,0
DA:673,0
DA:674,0
DA:677,0
DA:683,0
DA:694,0
DA:696,0
DA:698,0
DA:706,0
DA:708,0
DA:709,0
DA:710,0
DA:712,0
DA:713,0
DA:714,0
DA:716,0
DA:717,0
DA:720,0
DA:726,0
DA:774,0
DA:782,0
DA:783,0
DA:784,0
DA:796,0
DA:797,0
DA:798,0
DA:810,0
DA:811,0
DA:812,0
DA:832,0
DA:846,0
DA:870,0
DA:871,0
DA:873,0
DA:874,0
DA:875,0
DA:878,0
DA:880,0
DA:883,0
DA:891,0
DA:892,0
DA:896,0
DA:897,0
DA:912,0
DA:913,0
DA:929,0
DA:935,0
DA:956,0
DA:957,0
DA:967,0
DA:968,0
DA:970,0
DA:1010,0
DA:1011,0
DA:1024,0
DA:1025,0
DA:1042,0
DA:1044,0
DA:1047,0
DA:1048,0
DA:1049,0
DA:1081,0
DA:1083,0
DA:1084,0
DA:1095,0
LF:245
LH:0
BRDA:29,0,0,0
BRDA:29,0,1,0
BRDA:29,1,0,0
BRDA:29,1,1,0
BRDA:29,1,2,0
BRDA:37,2,0,0
BRDA:37,2,1,0
BRDA:37,3,0,0
BRDA:37,3,1,0
BRDA:65,4,0,0
BRDA:65,4,1,0
BRDA:69,5,0,0
BRDA:69,5,1,0
BRDA:69,5,2,0
BRDA:69,5,3,0
BRDA:69,5,4,0
BRDA:69,5,5,0
BRDA:85,6,0,0
BRDA:85,6,1,0
BRDA:151,7,0,0
BRDA:151,7,1,0
BRDA:151,8,0,0
BRDA:151,8,1,0
BRDA:155,9,0,0
BRDA:155,9,1,0
BRDA:155,9,2,0
BRDA:155,9,3,0
BRDA:176,10,0,0
BRDA:176,10,1,0
BRDA:176,11,0,0
BRDA:176,11,1,0
BRDA:183,12,0,0
BRDA:183,12,1,0
BRDA:199,13,0,0
BRDA:199,13,1,0
BRDA:207,14,0,0
BRDA:207,14,1,0
BRDA:208,15,0,0
BRDA:208,15,1,0
BRDA:214,16,0,0
BRDA:214,16,1,0
BRDA:214,17,0,0
BRDA:214,17,1,0
BRDA:220,18,0,0
BRDA:220,18,1,0
BRDA:221,19,0,0
BRDA:221,19,1,0
BRDA:229,20,0,0
BRDA:229,20,1,0
BRDA:229,21,0,0
BRDA:229,21,1,0
BRDA:236,22,0,0
BRDA:236,22,1,0
BRDA:236,22,2,0
BRDA:237,23,0,0
BRDA:237,23,1,0
BRDA:237,23,2,0
BRDA:238,24,0,0
BRDA:238,24,1,0
BRDA:238,24,2,0
BRDA:239,25,0,0
BRDA:239,25,1,0
BRDA:239,25,2,0
BRDA:245,26,0,0
BRDA:245,26,1,0
BRDA:245,26,2,0
BRDA:246,27,0,0
BRDA:246,27,1,0
BRDA:246,27,2,0
BRDA:247,28,0,0
BRDA:247,28,1,0
BRDA:247,28,2,0
BRDA:248,29,0,0
BRDA:248,29,1,0
BRDA:248,29,2,0
BRDA:249,30,0,0
BRDA:249,30,1,0
BRDA:250,31,0,0
BRDA:250,31,1,0
BRDA:254,32,0,0
BRDA:254,32,1,0
BRDA:254,32,2,0
BRDA:256,33,0,0
BRDA:256,33,1,0
BRDA:256,33,2,0
BRDA:257,34,0,0
BRDA:257,34,1,0
BRDA:257,34,2,0
BRDA:266,35,0,0
BRDA:266,35,1,0
BRDA:266,36,0,0
BRDA:266,36,1,0
BRDA:266,36,2,0
BRDA:273,37,0,0
BRDA:273,37,1,0
BRDA:273,37,2,0
BRDA:274,38,0,0
BRDA:274,38,1,0
BRDA:274,38,2,0
BRDA:275,39,0,0
BRDA:275,39,1,0
BRDA:275,39,2,0
BRDA:276,40,0,0
BRDA:276,40,1,0
BRDA:276,40,2,0
BRDA:282,41,0,0
BRDA:282,41,1,0
BRDA:282,41,2,0
BRDA:283,42,0,0
BRDA:283,42,1,0
BRDA:283,42,2,0
BRDA:285,43,0,0
BRDA:285,43,1,0
BRDA:285,43,2,0
BRDA:286,44,0,0
BRDA:286,44,1,0
BRDA:286,44,2,0
BRDA:305,45,0,0
BRDA:305,45,1,0
BRDA:308,46,0,0
BRDA:308,46,1,0
BRDA:308,47,0,0
BRDA:308,47,1,0
BRDA:308,47,2,0
BRDA:308,47,3,0
BRDA:312,48,0,0
BRDA:312,48,1,0
BRDA:312,49,0,0
BRDA:312,49,1,0
BRDA:314,50,0,0
BRDA:314,50,1,0
BRDA:314,51,0,0
BRDA:314,51,1,0
BRDA:323,52,0,0
BRDA:323,52,1,0
BRDA:326,53,0,0
BRDA:326,53,1,0
BRDA:326,54,0,0
BRDA:326,54,1,0
BRDA:330,55,0,0
BRDA:330,55,1,0
BRDA:355,56,0,0
BRDA:355,56,1,0
BRDA:356,57,0,0
BRDA:356,57,1,0
BRDA:375,58,0,0
BRDA:375,58,1,0
BRDA:376,59,0,0
BRDA:376,59,1,0
BRDA:378,60,0,0
BRDA:378,60,1,0
BRDA:383,61,0,0
BRDA:383,61,1,0
BRDA:389,62,0,0
BRDA:389,62,1,0
BRDA:390,63,0,0
BRDA:390,63,1,0
BRDA:392,64,0,0
BRDA:392,64,1,0
BRDA:397,65,0,0
BRDA:397,65,1,0
BRDA:405,66,0,0
BRDA:405,66,1,0
BRDA:405,67,0,0
BRDA:405,67,1,0
BRDA:405,67,2,0
BRDA:407,68,0,0
BRDA:407,68,1,0
BRDA:415,69,0,0
BRDA:415,69,1,0
BRDA:415,70,0,0
BRDA:415,70,1,0
BRDA:415,70,2,0
BRDA:417,71,0,0
BRDA:417,71,1,0
BRDA:435,72,0,0
BRDA:435,72,1,0
BRDA:436,73,0,0
BRDA:436,73,1,0
BRDA:437,74,0,0
BRDA:437,74,1,0
BRDA:453,75,0,0
BRDA:453,75,1,0
BRDA:472,76,0,0
BRDA:472,76,1,0
BRDA:485,77,0,0
BRDA:485,77,1,0
BRDA:486,78,0,0
BRDA:486,78,1,0
BRDA:502,79,0,0
BRDA:502,79,1,0
BRDA:515,80,0,0
BRDA:515,80,1,0
BRDA:520,81,0,0
BRDA:520,81,1,0
BRDA:520,82,0,0
BRDA:520,82,1,0
BRDA:529,83,0,0
BRDA:529,83,1,0
BRDA:530,84,0,0
BRDA:530,84,1,0
BRDA:538,85,0,0
BRDA:538,85,1,0
BRDA:539,86,0,0
BRDA:539,86,1,0
BRDA:547,87,0,0
BRDA:547,87,1,0
BRDA:554,88,0,0
BRDA:554,88,1,0
BRDA:555,89,0,0
BRDA:555,89,1,0
BRDA:560,90,0,0
BRDA:560,90,1,0
BRDA:561,91,0,0
BRDA:561,91,1,0
BRDA:604,92,0,0
BRDA:604,92,1,0
BRDA:612,93,0,0
BRDA:612,93,1,0
BRDA:612,93,2,0
BRDA:636,94,0,0
BRDA:636,94,1,0
BRDA:644,95,0,0
BRDA:644,95,1,0
BRDA:644,96,0,0
BRDA:644,96,1,0
BRDA:655,97,0,0
BRDA:655,97,1,0
BRDA:655,97,2,0
BRDA:655,97,3,0
BRDA:655,97,4,0
BRDA:663,98,0,0
BRDA:663,98,1,0
BRDA:667,99,0,0
BRDA:667,99,1,0
BRDA:667,100,0,0
BRDA:667,100,1,0
BRDA:671,101,0,0
BRDA:671,101,1,0
BRDA:677,102,0,0
BRDA:677,102,1,0
BRDA:694,103,0,0
BRDA:694,103,1,0
BRDA:698,104,0,0
BRDA:698,104,1,0
BRDA:698,104,2,0
BRDA:698,104,3,0
BRDA:698,104,4,0
BRDA:706,105,0,0
BRDA:706,105,1,0
BRDA:710,106,0,0
BRDA:710,106,1,0
BRDA:710,107,0,0
BRDA:710,107,1,0
BRDA:714,108,0,0
BRDA:714,108,1,0
BRDA:720,109,0,0
BRDA:720,109,1,0
BRDA:738,110,0,0
BRDA:738,110,1,0
BRDA:748,111,0,0
BRDA:748,111,1,0
BRDA:749,112,0,0
BRDA:749,112,1,0
BRDA:755,113,0,0
BRDA:755,113,1,0
BRDA:755,113,2,0
BRDA:762,114,0,0
BRDA:762,114,1,0
BRDA:762,114,2,0
BRDA:769,115,0,0
BRDA:769,115,1,0
BRDA:774,116,0,0
BRDA:774,116,1,0
BRDA:774,116,2,0
BRDA:778,117,0,0
BRDA:778,117,1,0
BRDA:783,118,0,0
BRDA:783,118,1,0
BRDA:792,119,0,0
BRDA:792,119,1,0
BRDA:797,120,0,0
BRDA:797,120,1,0
BRDA:806,121,0,0
BRDA:806,121,1,0
BRDA:811,122,0,0
BRDA:811,122,1,0
BRDA:827,123,0,0
BRDA:827,123,1,0
BRDA:827,123,2,0
BRDA:845,124,0,0
BRDA:845,124,1,0
BRDA:851,125,0,0
BRDA:851,125,1,0
BRDA:858,126,0,0
BRDA:858,126,1,0
BRDA:866,127,0,0
BRDA:866,127,1,0
BRDA:866,127,2,0
BRDA:873,128,0,0
BRDA:873,128,1,0
BRDA:873,129,0,0
BRDA:873,129,1,0
BRDA:878,130,0,0
BRDA:878,130,1,0
BRDA:903,131,0,0
BRDA:903,131,1,0
BRDA:945,132,0,0
BRDA:945,132,1,0
BRDA:948,133,0,0
BRDA:948,133,1,0
BRDA:965,134,0,0
BRDA:965,134,1,0
BRDA:967,135,0,0
BRDA:967,135,1,0
BRDA:974,136,0,0
BRDA:974,136,1,0
BRDA:981,137,0,0
BRDA:981,137,1,0
BRDA:1019,138,0,0
BRDA:1019,138,1,0
BRDA:1019,138,2,0
BRDA:1019,138,3,0
BRDA:1024,139,0,0
BRDA:1024,139,1,0
BRDA:1024,140,0,0
BRDA:1024,140,1,0
BRDA:1037,141,0,0
BRDA:1037,141,1,0
BRDA:1052,142,0,0
BRDA:1052,142,1,0
BRDA:1053,143,0,0
BRDA:1053,143,1,0
BRDA:1054,144,0,0
BRDA:1054,144,1,0
BRDA:1083,145,0,0
BRDA:1083,145,1,0
BRDA:1087,146,0,0
BRDA:1087,146,1,0
BRDA:1089,147,0,0
BRDA:1089,147,1,0
BRF:341
BRH:0
end_of_record
TN:
SF:components\ui\AnimatedBackground.js
FN:9,(anonymous_0)
FN:14,(anonymous_1)
FN:22,(anonymous_2)
FN:33,(anonymous_3)
FN:47,(anonymous_4)
FN:72,(anonymous_5)
FN:73,(anonymous_6)
FN:104,(anonymous_7)
FNF:8
FNH:0
FNDA:0,(anonymous_0)
FNDA:0,(anonymous_1)
FNDA:0,(anonymous_2)
FNDA:0,(anonymous_3)
FNDA:0,(anonymous_4)
FNDA:0,(anonymous_5)
FNDA:0,(anonymous_6)
FNDA:0,(anonymous_7)
DA:6,0
DA:7,0
DA:9,0
DA:11,0
DA:14,0
DA:15,0
DA:16,0
DA:17,0
DA:21,0
DA:23,0
DA:24,0
DA:33,0
DA:34,0
DA:37,0
DA:40,0
DA:43,0
DA:47,0
DA:50,0
DA:64,0
DA:72,0
DA:73,0
DA:74,0
DA:78,0
DA:79,0
DA:83,0
DA:105,0
DA:158,0
LF:27
LH:0
BRDA:78,0,0,0
BRDA:78,0,1,0
BRDA:120,1,0,0
BRDA:120,1,1,0
BRDA:122,2,0,0
BRDA:122,2,1,0
BRDA:124,3,0,0
BRDA:124,3,1,0
BRDA:126,4,0,0
BRDA:126,4,1,0
BRDA:129,5,0,0
BRDA:129,5,1,0
BRDA:131,6,0,0
BRDA:131,6,1,0
BRDA:133,7,0,0
BRDA:133,7,1,0
BRDA:135,8,0,0
BRDA:135,8,1,0
BRF:18
BRH:0
end_of_record
TN:
SF:components\ui\SplashScreen.js
FN:11,(anonymous_0)
FN:17,(anonymous_1)
FN:45,(anonymous_2)
FN:59,(anonymous_3)
FN:66,(anonymous_4)
FNF:5
FNH:0
FNDA:0,(anonymous_0)
FNDA:0,(anonymous_1)
FNDA:0,(anonymous_2)
FNDA:0,(anonymous_3)
FNDA:0,(anonymous_4)
DA:9,0
DA:11,0
DA:12,0
DA:13,0
DA:14,0
DA:15,0
DA:17,0
DA:19,0
DA:20,0
DA:24,0
DA:45,0
DA:47,0
DA:60,0
DA:61,0
DA:66,0
DA:69,0
DA:141,0
LF:17
LH:0
BRDA:19,0,0,0
BRDA:19,0,1,0
BRDA:60,1,0,0
BRDA:60,1,1,0
BRF:4
BRH:0
end_of_record
TN:
SF:constants\config.js
FNF:0
FNH:0
DA:1,0
DA:2,0
DA:3,0
DA:4,0
LF:4
LH:0
BRF:0
BRH:0
end_of_record
TN:
SF:context\AuthContext.js
FN:5,(anonymous_0)
FN:11,(anonymous_1)
FN:17,(anonymous_2)
FN:41,(anonymous_3)
FNF:4
FNH:0
FNDA:0,(anonymous_0)
FNDA:0,(anonymous_1)
FNDA:0,(anonymous_2)
FNDA:0,(anonymous_3)
DA:3,0
DA:5,0
DA:6,0
DA:7,0
DA:8,0
DA:9,0
DA:11,0
DA:12,0
DA:13,0
DA:14,0
DA:17,0
DA:18,0
DA:19,0
DA:20,0
DA:23,0
DA:41,0
DA:42,0
DA:43,0
DA:44,0
DA:46,0
LF:20
LH:0
BRDA:43,0,0,0
BRDA:43,0,1,0
BRF:2
BRH:0
end_of_record
TN:
SF:polyfills\crypto.js
FNF:0
FNH:0
LF:0
LH:0
BRF:0
BRH:0
end_of_record
TN:
SF:styles\AdminAccessStyles.js
FNF:0
FNH:0
DA:3,0
LF:1
LH:0
BRF:0
BRH:0
end_of_record
TN:
SF:styles\AdminMetricsStyles.js
FN:570,(anonymous_0)
FN:571,(anonymous_1)
FNF:2
FNH:0
FNDA:0,(anonymous_0)
FNDA:0,(anonymous_1)
DA:3,0
DA:5,0
DA:570,0
DA:571,0
LF:4
LH:0
BRDA:570,0,0,0
BRDA:571,1,0,0
BRF:2
BRH:0
end_of_record
TN:
SF:styles\ArtistPortfolioStyles.js
FNF:0
FNH:0
DA:4,0
DA:5,0
DA:6,0
DA:7,0
DA:8,0
DA:13,0
LF:6
LH:0
BRDA:24,0,0,0
BRDA:24,0,1,0
BRF:2
BRH:0
end_of_record
TN:
SF:styles\ArtistProfileCardStyles.js
FNF:0
FNH:0
DA:4,0
DA:5,0
DA:6,0
DA:7,0
DA:8,0
DA:9,0
DA:10,0
DA:12,0
LF:8
LH:0
BRF:0
BRH:0
end_of_record
TN:
SF:styles\ArtistProfileStyles.js
FNF:0
FNH:0
DA:4,0
DA:5,0
DA:6,0
DA:7,0
DA:8,0
DA:9,0
DA:14,0
LF:7
LH:0
BRF:0
BRH:0
end_of_record
TN:
SF:styles\ArtistProfilesModalStyles.js
FNF:0
FNH:0
DA:4,0
DA:7,0
DA:8,0
DA:9,0
DA:10,0
DA:11,0
DA:12,0
DA:13,0
DA:14,0
DA:15,0
DA:16,0
DA:18,0
LF:12
LH:0
BRF:0
BRH:0
end_of_record
TN:
SF:styles\ArtistsRegistrationsStyles.js
FNF:0
FNH:0
DA:3,0
LF:1
LH:0
BRF:0
BRH:0
end_of_record
TN:
SF:styles\AvaiableEventsModalStyles.js
FNF:0
FNH:0
DA:4,0
LF:1
LH:0
BRF:0
BRH:0
end_of_record
TN:
SF:styles\CulturalSpaceStyles.js
FNF:0
FNH:0
DA:3,0
LF:1
LH:0
BRF:0
BRH:0
end_of_record
TN:
SF:styles\CulturalSpacesModalStyles.js
FNF:0
FNH:0
DA:3,0
LF:1
LH:0
BRF:0
BRH:0
end_of_record
TN:
SF:styles\DashboardAdminStyles.js
FNF:0
FNH:0
DA:3,0
LF:1
LH:0
BRF:0
BRH:0
end_of_record
TN:
SF:styles\DashboardArtistStyles.js
FNF:0
FNH:0
DA:3,0
LF:1
LH:0
BRDA:7,0,0,0
BRDA:7,0,1,0
BRF:2
BRH:0
end_of_record
TN:
SF:styles\DashboardManagerStyles.js
FNF:0
FNH:0
DA:3,0
LF:1
LH:0
BRDA:8,0,0,0
BRDA:8,0,1,0
BRF:2
BRH:0
end_of_record
TN:
SF:styles\DashboardUserStyles.js
FNF:0
FNH:0
DA:3,0
LF:1
LH:0
BRDA:7,0,0,0
BRDA:7,0,1,0
BRDA:93,1,0,0
BRDA:93,1,1,0
BRDA:117,2,0,0
BRDA:117,2,1,0
BRF:6
BRH:0
end_of_record
TN:
SF:styles\EventAttendanceStyles.js
FNF:0
FNH:0
DA:3,0
LF:1
LH:0
BRF:0
BRH:0
end_of_record
TN:
SF:styles\EventAttendeesModalStyles.js
FNF:0
FNH:0
DA:3,0
LF:1
LH:0
BRF:0
BRH:0
end_of_record
TN:
SF:styles\EventCalendarStyles.js
FNF:0
FNH:0
DA:3,0
LF:1
LH:0
BRF:0
BRH:0
end_of_record
TN:
SF:styles\EventDetailStyles.js
FNF:0
FNH:0
DA:3,0
LF:1
LH:0
BRF:0
BRH:0
end_of_record
TN:
SF:styles\EventFormStyles.js
FNF:0
FNH:0
DA:4,0
LF:1
LH:0
BRF:0
BRH:0
end_of_record
TN:
SF:styles\EventProgrammingStyles.js
FNF:0
FNH:0
DA:4,0
LF:1
LH:0
BRF:0
BRH:0
end_of_record
TN:
SF:styles\EventRequestFormStyles.js
FNF:0
FNH:0
DA:3,0
LF:1
LH:0
BRF:0
BRH:0
end_of_record
TN:
SF:styles\EventSearchStyles.js
FNF:0
FNH:0
DA:3,0
LF:1
LH:0
BRF:0
BRH:0
end_of_record
TN:
SF:styles\FavoritesListStyles.js
FNF:0
FNH:0
DA:4,0
LF:1
LH:0
BRF:0
BRH:0
end_of_record
TN:
SF:styles\HomeStyles.js
FNF:0
FNH:0
DA:4,0
DA:6,0
LF:2
LH:0
BRF:0
BRH:0
end_of_record
TN:
SF:styles\LoginStyles.js
FNF:0
FNH:0
DA:3,0
LF:1
LH:0
BRF:0
BRH:0
end_of_record
TN:
SF:styles\ManageSpaceEventsStyles.js
FNF:0
FNH:0
DA:4,0
LF:1
LH:0
BRF:0
BRH:0
end_of_record
TN:
SF:styles\ManagerRegistrationStyles.js
FNF:0
FNH:0
DA:4,0
LF:1
LH:0
BRF:0
BRH:0
end_of_record
TN:
SF:styles\NotificationCenterStyles.js
FNF:0
FNH:0
DA:3,0
LF:1
LH:0
BRF:0
BRH:0
end_of_record
TN:
SF:styles\OpenSteetMapStyles.js
FNF:0
FNH:0
DA:4,0
LF:1
LH:0
BRF:0
BRH:0
end_of_record
TN:
SF:styles\RequestHistoryModalStyles.js
FNF:0
FNH:0
DA:2,0
LF:1
LH:0
BRF:0
BRH:0
end_of_record
TN:
SF:styles\RequestModalStyles.js
FNF:0
FNH:0
DA:4,0
LF:1
LH:0
BRF:0
BRH:0
end_of_record
TN:
SF:styles\RoleRequestFormStyles.js
FNF:0
FNH:0
LF:0
LH:0
BRF:0
BRH:0
end_of_record
TN:
SF:styles\SpaceEventManagerStyles.js
FNF:0
FNH:0
DA:3,0
LF:1
LH:0
BRF:0
BRH:0
end_of_record
TN:
SF:styles\SpaceScheduleStyles.js
FNF:0
FNH:0
DA:3,0
LF:1
LH:0
BRF:0
BRH:0
end_of_record
TN:
SF:styles\SpaceSearchStyles.js
FNF:0
FNH:0
DA:2,0
LF:1
LH:0
BRF:0
BRH:0
end_of_record
TN:
SF:styles\UserManagementStyles.js
FNF:0
FNH:0
DA:3,0
LF:1
LH:0
BRF:0
BRH:0
end_of_record
TN:
SF:styles\ViewsRoleRequestStyles.js
FNF:0
FNH:0
DA:3,0
LF:1
LH:0
BRF:0
BRH:0
end_of_record
TN:
SF:styles\theme.js
FN:80,(anonymous_0)
FNF:1
FNH:0
FNDA:0,(anonymous_0)
DA:3,0
DA:5,0
DA:20,0
DA:58,0
DA:80,0
DA:89,0
DA:114,0
LF:7
LH:0
BRF:0
BRH:0
end_of_record
